<?xml version="1.0" encoding="UTF-8"?>
<coverage generated="1683892224409" clover="3.2.0">
  <project timestamp="1683892224409" name="All files">
    <metrics statements="277" coveredstatements="277" conditionals="57" coveredconditionals="57" methods="11" coveredmethods="11" elements="345" coveredelements="345" complexity="0" loc="277" ncloc="277" packages="1" files="1" classes="1"/>
    <file name="schema.ts" path="C:\Users\Degreat\Documents\codes\mangobase\base\src\schema.ts">
      <metrics statements="277" coveredstatements="277" conditionals="57" coveredconditionals="57" methods="11" coveredmethods="11"/>
      <line num="1" count="1" type="stmt"/>
      <line num="2" count="1" type="stmt"/>
      <line num="3" count="1" type="stmt"/>
      <line num="4" count="1" type="stmt"/>
      <line num="5" count="1" type="stmt"/>
      <line num="6" count="1" type="stmt"/>
      <line num="7" count="1" type="stmt"/>
      <line num="8" count="1" type="stmt"/>
      <line num="9" count="1" type="stmt"/>
      <line num="10" count="1" type="stmt"/>
      <line num="11" count="1" type="stmt"/>
      <line num="12" count="1" type="stmt"/>
      <line num="13" count="1" type="stmt"/>
      <line num="14" count="1" type="stmt"/>
      <line num="15" count="1" type="stmt"/>
      <line num="16" count="1" type="stmt"/>
      <line num="17" count="1" type="stmt"/>
      <line num="18" count="1" type="stmt"/>
      <line num="19" count="1" type="stmt"/>
      <line num="20" count="1" type="stmt"/>
      <line num="21" count="1" type="stmt"/>
      <line num="22" count="1" type="stmt"/>
      <line num="23" count="1" type="stmt"/>
      <line num="24" count="1" type="stmt"/>
      <line num="25" count="1" type="stmt"/>
      <line num="26" count="1" type="stmt"/>
      <line num="27" count="1" type="stmt"/>
      <line num="28" count="1" type="stmt"/>
      <line num="29" count="1" type="stmt"/>
      <line num="30" count="1" type="stmt"/>
      <line num="31" count="1" type="stmt"/>
      <line num="32" count="1" type="stmt"/>
      <line num="33" count="1" type="stmt"/>
      <line num="34" count="1" type="stmt"/>
      <line num="35" count="1" type="stmt"/>
      <line num="36" count="1" type="stmt"/>
      <line num="37" count="1" type="stmt"/>
      <line num="38" count="1" type="stmt"/>
      <line num="39" count="1" type="stmt"/>
      <line num="40" count="1" type="stmt"/>
      <line num="41" count="1" type="stmt"/>
      <line num="42" count="1" type="stmt"/>
      <line num="43" count="1" type="stmt"/>
      <line num="44" count="1" type="cond" truecount="1" falsecount="0"/>
      <line num="45" count="48" type="stmt"/>
      <line num="46" count="48" type="stmt"/>
      <line num="47" count="1" type="stmt"/>
      <line num="48" count="1" type="cond" truecount="1" falsecount="0"/>
      <line num="49" count="73" type="stmt"/>
      <line num="50" count="73" type="stmt"/>
      <line num="51" count="73" type="stmt"/>
      <line num="52" count="73" type="stmt"/>
      <line num="53" count="73" type="stmt"/>
      <line num="54" count="73" type="stmt"/>
      <line num="55" count="73" type="stmt"/>
      <line num="56" count="73" type="stmt"/>
      <line num="57" count="73" type="stmt"/>
      <line num="58" count="73" type="stmt"/>
      <line num="59" count="73" type="stmt"/>
      <line num="60" count="73" type="stmt"/>
      <line num="61" count="73" type="stmt"/>
      <line num="62" count="73" type="stmt"/>
      <line num="63" count="73" type="stmt"/>
      <line num="64" count="73" type="stmt"/>
      <line num="65" count="73" type="stmt"/>
      <line num="66" count="73" type="stmt"/>
      <line num="67" count="73" type="stmt"/>
      <line num="68" count="73" type="stmt"/>
      <line num="69" count="73" type="cond" truecount="1" falsecount="0"/>
      <line num="70" count="46" type="stmt"/>
      <line num="71" count="46" type="stmt"/>
      <line num="72" count="73" type="cond" truecount="1" falsecount="0"/>
      <line num="73" count="54" type="stmt"/>
      <line num="74" count="54" type="stmt"/>
      <line num="75" count="73" type="stmt"/>
      <line num="76" count="1" type="stmt"/>
      <line num="77" count="1" type="stmt"/>
      <line num="78" count="1" type="stmt"/>
      <line num="79" count="1" type="stmt"/>
      <line num="80" count="1" type="stmt"/>
      <line num="81" count="1" type="stmt"/>
      <line num="82" count="1" type="cond" truecount="1" falsecount="0"/>
      <line num="83" count="19" type="stmt"/>
      <line num="84" count="19" type="stmt"/>
      <line num="85" count="19" type="stmt"/>
      <line num="86" count="19" type="stmt"/>
      <line num="87" count="1" type="stmt"/>
      <line num="88" count="1" type="stmt"/>
      <line num="89" count="1" type="stmt"/>
      <line num="90" count="1" type="stmt"/>
      <line num="91" count="1" type="stmt"/>
      <line num="92" count="1" type="stmt"/>
      <line num="93" count="1" type="stmt"/>
      <line num="94" count="24" type="cond" truecount="1" falsecount="0"/>
      <line num="95" count="24" type="stmt"/>
      <line num="96" count="24" type="stmt"/>
      <line num="97" count="24" type="stmt"/>
      <line num="98" count="24" type="stmt"/>
      <line num="99" count="24" type="cond" truecount="2" falsecount="0"/>
      <line num="100" count="9" type="cond" truecount="1" falsecount="0"/>
      <line num="101" count="4" type="stmt"/>
      <line num="102" count="4" type="cond" truecount="1" falsecount="0"/>
      <line num="103" count="5" type="stmt"/>
      <line num="104" count="9" type="cond" truecount="1" falsecount="0"/>
      <line num="105" count="2" type="stmt"/>
      <line num="106" count="2" type="cond" truecount="1" falsecount="0"/>
      <line num="107" count="3" type="stmt"/>
      <line num="108" count="3" type="stmt"/>
      <line num="109" count="3" type="stmt"/>
      <line num="110" count="3" type="stmt"/>
      <line num="111" count="3" type="stmt"/>
      <line num="112" count="3" type="cond" truecount="1" falsecount="0"/>
      <line num="113" count="15" type="stmt"/>
      <line num="114" count="24" type="cond" truecount="1" falsecount="0"/>
      <line num="115" count="3" type="stmt"/>
      <line num="116" count="3" type="cond" truecount="1" falsecount="0"/>
      <line num="117" count="12" type="stmt"/>
      <line num="118" count="12" type="stmt"/>
      <line num="119" count="12" type="stmt"/>
      <line num="120" count="1" type="stmt"/>
      <line num="121" count="8" type="cond" truecount="1" falsecount="0"/>
      <line num="122" count="8" type="stmt"/>
      <line num="123" count="8" type="stmt"/>
      <line num="124" count="8" type="stmt"/>
      <line num="125" count="8" type="stmt"/>
      <line num="126" count="8" type="cond" truecount="1" falsecount="0"/>
      <line num="127" count="4" type="cond" truecount="1" falsecount="0"/>
      <line num="128" count="2" type="stmt"/>
      <line num="129" count="2" type="stmt"/>
      <line num="130" count="2" type="stmt"/>
      <line num="131" count="4" type="cond" truecount="1" falsecount="0"/>
      <line num="132" count="1" type="stmt"/>
      <line num="133" count="1" type="stmt"/>
      <line num="134" count="1" type="stmt"/>
      <line num="135" count="1" type="stmt"/>
      <line num="136" count="1" type="stmt"/>
      <line num="137" count="4" type="stmt"/>
      <line num="138" count="8" type="cond" truecount="1" falsecount="0"/>
      <line num="139" count="1" type="stmt"/>
      <line num="140" count="1" type="cond" truecount="1" falsecount="0"/>
      <line num="141" count="3" type="stmt"/>
      <line num="142" count="3" type="stmt"/>
      <line num="143" count="3" type="stmt"/>
      <line num="144" count="1" type="stmt"/>
      <line num="145" count="8" type="cond" truecount="1" falsecount="0"/>
      <line num="146" count="8" type="stmt"/>
      <line num="147" count="8" type="stmt"/>
      <line num="148" count="8" type="stmt"/>
      <line num="149" count="8" type="stmt"/>
      <line num="150" count="8" type="cond" truecount="1" falsecount="0"/>
      <line num="151" count="4" type="cond" truecount="1" falsecount="0"/>
      <line num="152" count="2" type="stmt"/>
      <line num="153" count="2" type="stmt"/>
      <line num="154" count="2" type="stmt"/>
      <line num="155" count="4" type="cond" truecount="1" falsecount="0"/>
      <line num="156" count="1" type="stmt"/>
      <line num="157" count="1" type="stmt"/>
      <line num="158" count="1" type="stmt"/>
      <line num="159" count="1" type="stmt"/>
      <line num="160" count="1" type="stmt"/>
      <line num="161" count="4" type="stmt"/>
      <line num="162" count="8" type="cond" truecount="1" falsecount="0"/>
      <line num="163" count="1" type="stmt"/>
      <line num="164" count="1" type="cond" truecount="1" falsecount="0"/>
      <line num="165" count="3" type="stmt"/>
      <line num="166" count="3" type="stmt"/>
      <line num="167" count="3" type="stmt"/>
      <line num="168" count="1" type="stmt"/>
      <line num="169" count="8" type="cond" truecount="1" falsecount="0"/>
      <line num="170" count="8" type="stmt"/>
      <line num="171" count="8" type="stmt"/>
      <line num="172" count="1" type="stmt"/>
      <line num="173" count="7" type="cond" truecount="1" falsecount="0"/>
      <line num="174" count="7" type="cond" truecount="1" falsecount="0"/>
      <line num="175" count="4" type="cond" truecount="1" falsecount="0"/>
      <line num="176" count="2" type="stmt"/>
      <line num="177" count="2" type="stmt"/>
      <line num="178" count="2" type="stmt"/>
      <line num="179" count="4" type="cond" truecount="1" falsecount="0"/>
      <line num="180" count="1" type="stmt"/>
      <line num="181" count="1" type="stmt"/>
      <line num="182" count="4" type="stmt"/>
      <line num="183" count="4" type="stmt"/>
      <line num="184" count="4" type="stmt"/>
      <line num="185" count="4" type="stmt"/>
      <line num="186" count="1" type="stmt"/>
      <line num="187" count="9" type="cond" truecount="1" falsecount="0"/>
      <line num="188" count="9" type="stmt"/>
      <line num="189" count="9" type="stmt"/>
      <line num="190" count="9" type="stmt"/>
      <line num="191" count="9" type="stmt"/>
      <line num="192" count="9" type="cond" truecount="1" falsecount="0"/>
      <line num="193" count="4" type="cond" truecount="1" falsecount="0"/>
      <line num="194" count="2" type="stmt"/>
      <line num="195" count="2" type="stmt"/>
      <line num="196" count="2" type="stmt"/>
      <line num="197" count="4" type="cond" truecount="1" falsecount="0"/>
      <line num="198" count="1" type="stmt"/>
      <line num="199" count="1" type="stmt"/>
      <line num="200" count="1" type="stmt"/>
      <line num="201" count="1" type="stmt"/>
      <line num="202" count="1" type="cond" truecount="1" falsecount="0"/>
      <line num="203" count="5" type="stmt"/>
      <line num="204" count="9" type="cond" truecount="2" falsecount="0"/>
      <line num="205" count="1" type="stmt"/>
      <line num="206" count="1" type="cond" truecount="1" falsecount="0"/>
      <line num="207" count="4" type="stmt"/>
      <line num="208" count="4" type="stmt"/>
      <line num="209" count="4" type="stmt"/>
      <line num="210" count="4" type="stmt"/>
      <line num="211" count="4" type="stmt"/>
      <line num="212" count="9" type="cond" truecount="1" falsecount="0"/>
      <line num="213" count="1" type="stmt"/>
      <line num="214" count="1" type="stmt"/>
      <line num="215" count="1" type="stmt"/>
      <line num="216" count="1" type="stmt"/>
      <line num="217" count="9" type="stmt"/>
      <line num="218" count="1" type="stmt"/>
      <line num="219" count="8" type="cond" truecount="1" falsecount="0"/>
      <line num="220" count="8" type="cond" truecount="1" falsecount="0"/>
      <line num="221" count="4" type="cond" truecount="1" falsecount="0"/>
      <line num="222" count="2" type="stmt"/>
      <line num="223" count="2" type="stmt"/>
      <line num="224" count="2" type="stmt"/>
      <line num="225" count="4" type="cond" truecount="1" falsecount="0"/>
      <line num="226" count="1" type="stmt"/>
      <line num="227" count="1" type="stmt"/>
      <line num="228" count="1" type="stmt"/>
      <line num="229" count="1" type="stmt"/>
      <line num="230" count="1" type="stmt"/>
      <line num="231" count="4" type="stmt"/>
      <line num="232" count="8" type="cond" truecount="1" falsecount="0"/>
      <line num="233" count="1" type="stmt"/>
      <line num="234" count="1" type="cond" truecount="1" falsecount="0"/>
      <line num="235" count="3" type="stmt"/>
      <line num="236" count="3" type="stmt"/>
      <line num="237" count="3" type="cond" truecount="1" falsecount="0"/>
      <line num="238" count="3" type="stmt"/>
      <line num="239" count="3" type="stmt"/>
      <line num="240" count="3" type="stmt"/>
      <line num="241" count="1" type="stmt"/>
      <line num="242" count="9" type="cond" truecount="1" falsecount="0"/>
      <line num="243" count="9" type="cond" truecount="1" falsecount="0"/>
      <line num="244" count="4" type="cond" truecount="1" falsecount="0"/>
      <line num="245" count="2" type="stmt"/>
      <line num="246" count="2" type="stmt"/>
      <line num="247" count="2" type="stmt"/>
      <line num="248" count="4" type="cond" truecount="1" falsecount="0"/>
      <line num="249" count="1" type="stmt"/>
      <line num="250" count="1" type="stmt"/>
      <line num="251" count="1" type="stmt"/>
      <line num="252" count="1" type="stmt"/>
      <line num="253" count="1" type="cond" truecount="1" falsecount="0"/>
      <line num="254" count="5" type="stmt"/>
      <line num="255" count="9" type="cond" truecount="1" falsecount="0"/>
      <line num="256" count="1" type="stmt"/>
      <line num="257" count="1" type="stmt"/>
      <line num="258" count="1" type="stmt"/>
      <line num="259" count="1" type="stmt"/>
      <line num="260" count="1" type="cond" truecount="1" falsecount="0"/>
      <line num="261" count="4" type="stmt"/>
      <line num="262" count="4" type="stmt"/>
      <line num="263" count="9" type="cond" truecount="1" falsecount="0"/>
      <line num="264" count="1" type="stmt"/>
      <line num="265" count="1" type="stmt"/>
      <line num="266" count="1" type="stmt"/>
      <line num="267" count="1" type="stmt"/>
      <line num="268" count="1" type="cond" truecount="1" falsecount="0"/>
      <line num="269" count="3" type="stmt"/>
      <line num="270" count="3" type="stmt"/>
      <line num="271" count="3" type="stmt"/>
      <line num="272" count="1" type="stmt"/>
      <line num="273" count="1" type="stmt"/>
      <line num="274" count="1" type="stmt"/>
      <line num="275" count="1" type="stmt"/>
      <line num="276" count="1" type="stmt"/>
      <line num="277" count="1" type="stmt"/>
    </file>
  </project>
</coverage>
