{"C:\\Users\\Degreat\\Documents\\codes\\mangobase\\base\\src\\schema.ts": {"path":"C:\\Users\\Degreat\\Documents\\codes\\mangobase\\base\\src\\schema.ts","all":false,"statementMap":{"0":{"start":{"line":1,"column":0},"end":{"line":1,"column":22}},"1":{"start":{"line":2,"column":0},"end":{"line":2,"column":60}},"2":{"start":{"line":3,"column":0},"end":{"line":3,"column":64}},"3":{"start":{"line":4,"column":0},"end":{"line":4,"column":46}},"4":{"start":{"line":5,"column":0},"end":{"line":5,"column":7}},"5":{"start":{"line":6,"column":0},"end":{"line":6,"column":7}},"6":{"start":{"line":7,"column":0},"end":{"line":7,"column":14}},"7":{"start":{"line":8,"column":0},"end":{"line":8,"column":14}},"8":{"start":{"line":9,"column":0},"end":{"line":9,"column":15}},"9":{"start":{"line":10,"column":0},"end":{"line":10,"column":10}},"10":{"start":{"line":11,"column":0},"end":{"line":11,"column":11}},"11":{"start":{"line":12,"column":0},"end":{"line":12,"column":14}},"12":{"start":{"line":13,"column":0},"end":{"line":13,"column":13}},"13":{"start":{"line":14,"column":0},"end":{"line":14,"column":12}},"14":{"start":{"line":15,"column":0},"end":{"line":15,"column":0}},"15":{"start":{"line":16,"column":0},"end":{"line":16,"column":20}},"16":{"start":{"line":17,"column":0},"end":{"line":17,"column":0}},"17":{"start":{"line":18,"column":0},"end":{"line":18,"column":20}},"18":{"start":{"line":19,"column":0},"end":{"line":19,"column":0}},"19":{"start":{"line":20,"column":0},"end":{"line":20,"column":59}},"20":{"start":{"line":21,"column":0},"end":{"line":21,"column":18}},"21":{"start":{"line":22,"column":0},"end":{"line":22,"column":0}},"22":{"start":{"line":23,"column":0},"end":{"line":23,"column":80}},"23":{"start":{"line":24,"column":0},"end":{"line":24,"column":19}},"24":{"start":{"line":25,"column":0},"end":{"line":25,"column":0}},"25":{"start":{"line":26,"column":0},"end":{"line":26,"column":61}},"26":{"start":{"line":27,"column":0},"end":{"line":27,"column":70}},"27":{"start":{"line":28,"column":0},"end":{"line":28,"column":17}},"28":{"start":{"line":29,"column":0},"end":{"line":29,"column":18}},"29":{"start":{"line":30,"column":0},"end":{"line":30,"column":25}},"30":{"start":{"line":31,"column":0},"end":{"line":31,"column":21}},"31":{"start":{"line":32,"column":0},"end":{"line":32,"column":43}},"32":{"start":{"line":33,"column":0},"end":{"line":33,"column":6}},"33":{"start":{"line":34,"column":0},"end":{"line":34,"column":8}},"34":{"start":{"line":35,"column":0},"end":{"line":35,"column":7}},"35":{"start":{"line":36,"column":0},"end":{"line":36,"column":17}},"36":{"start":{"line":37,"column":0},"end":{"line":37,"column":1}},"37":{"start":{"line":38,"column":0},"end":{"line":38,"column":0}},"38":{"start":{"line":39,"column":0},"end":{"line":39,"column":40}},"39":{"start":{"line":40,"column":0},"end":{"line":40,"column":0}},"40":{"start":{"line":41,"column":0},"end":{"line":41,"column":14}},"41":{"start":{"line":42,"column":0},"end":{"line":42,"column":16}},"42":{"start":{"line":43,"column":0},"end":{"line":43,"column":0}},"43":{"start":{"line":44,"column":0},"end":{"line":44,"column":31}},"44":{"start":{"line":45,"column":0},"end":{"line":45,"column":24}},"45":{"start":{"line":46,"column":0},"end":{"line":46,"column":3}},"46":{"start":{"line":47,"column":0},"end":{"line":47,"column":0}},"47":{"start":{"line":48,"column":0},"end":{"line":48,"column":43}},"48":{"start":{"line":49,"column":0},"end":{"line":49,"column":27}},"49":{"start":{"line":50,"column":0},"end":{"line":50,"column":23}},"50":{"start":{"line":51,"column":0},"end":{"line":51,"column":27}},"51":{"start":{"line":52,"column":0},"end":{"line":52,"column":31}},"52":{"start":{"line":53,"column":0},"end":{"line":53,"column":25}},"53":{"start":{"line":54,"column":0},"end":{"line":54,"column":21}},"54":{"start":{"line":55,"column":0},"end":{"line":55,"column":29}},"55":{"start":{"line":56,"column":0},"end":{"line":56,"column":29}},"56":{"start":{"line":57,"column":0},"end":{"line":57,"column":29}},"57":{"start":{"line":58,"column":0},"end":{"line":58,"column":5}},"58":{"start":{"line":59,"column":0},"end":{"line":59,"column":0}},"59":{"start":{"line":60,"column":0},"end":{"line":60,"column":66}},"60":{"start":{"line":61,"column":0},"end":{"line":61,"column":29}},"61":{"start":{"line":62,"column":0},"end":{"line":62,"column":65}},"62":{"start":{"line":63,"column":0},"end":{"line":63,"column":13}},"63":{"start":{"line":64,"column":0},"end":{"line":64,"column":29}},"64":{"start":{"line":65,"column":0},"end":{"line":65,"column":19}},"65":{"start":{"line":66,"column":0},"end":{"line":66,"column":18}},"66":{"start":{"line":67,"column":0},"end":{"line":67,"column":7}},"67":{"start":{"line":68,"column":0},"end":{"line":68,"column":0}},"68":{"start":{"line":69,"column":0},"end":{"line":69,"column":41}},"69":{"start":{"line":70,"column":0},"end":{"line":70,"column":34}},"70":{"start":{"line":71,"column":0},"end":{"line":71,"column":7}},"71":{"start":{"line":72,"column":0},"end":{"line":72,"column":5}},"72":{"start":{"line":73,"column":0},"end":{"line":73,"column":0}},"73":{"start":{"line":74,"column":0},"end":{"line":74,"column":15}},"74":{"start":{"line":75,"column":0},"end":{"line":75,"column":3}},"75":{"start":{"line":76,"column":0},"end":{"line":76,"column":1}},"76":{"start":{"line":77,"column":0},"end":{"line":77,"column":0}},"77":{"start":{"line":78,"column":0},"end":{"line":78,"column":37}},"78":{"start":{"line":79,"column":0},"end":{"line":79,"column":15}},"79":{"start":{"line":80,"column":0},"end":{"line":80,"column":16}},"80":{"start":{"line":81,"column":0},"end":{"line":81,"column":0}},"81":{"start":{"line":82,"column":0},"end":{"line":82,"column":46}},"82":{"start":{"line":83,"column":0},"end":{"line":83,"column":32}},"83":{"start":{"line":84,"column":0},"end":{"line":84,"column":22}},"84":{"start":{"line":85,"column":0},"end":{"line":85,"column":24}},"85":{"start":{"line":86,"column":0},"end":{"line":86,"column":3}},"86":{"start":{"line":87,"column":0},"end":{"line":87,"column":1}},"87":{"start":{"line":88,"column":0},"end":{"line":88,"column":0}},"88":{"start":{"line":89,"column":0},"end":{"line":89,"column":16}},"89":{"start":{"line":90,"column":0},"end":{"line":90,"column":14}},"90":{"start":{"line":91,"column":0},"end":{"line":91,"column":12}},"91":{"start":{"line":92,"column":0},"end":{"line":92,"column":1}},"92":{"start":{"line":93,"column":0},"end":{"line":93,"column":0}},"93":{"start":{"line":94,"column":0},"end":{"line":94,"column":24}},"94":{"start":{"line":95,"column":0},"end":{"line":95,"column":13}},"95":{"start":{"line":96,"column":0},"end":{"line":96,"column":25}},"96":{"start":{"line":97,"column":0},"end":{"line":97,"column":20}},"97":{"start":{"line":98,"column":0},"end":{"line":98,"column":3}},"98":{"start":{"line":99,"column":0},"end":{"line":99,"column":54}},"99":{"start":{"line":100,"column":0},"end":{"line":100,"column":21}},"100":{"start":{"line":101,"column":0},"end":{"line":101,"column":36}},"101":{"start":{"line":102,"column":0},"end":{"line":102,"column":5}},"102":{"start":{"line":103,"column":0},"end":{"line":103,"column":0}},"103":{"start":{"line":104,"column":0},"end":{"line":104,"column":31}},"104":{"start":{"line":105,"column":0},"end":{"line":105,"column":23}},"105":{"start":{"line":106,"column":0},"end":{"line":106,"column":5}},"106":{"start":{"line":107,"column":0},"end":{"line":107,"column":0}},"107":{"start":{"line":108,"column":0},"end":{"line":108,"column":30}},"108":{"start":{"line":109,"column":0},"end":{"line":109,"column":16}},"109":{"start":{"line":110,"column":0},"end":{"line":110,"column":46}},"110":{"start":{"line":111,"column":0},"end":{"line":111,"column":5}},"111":{"start":{"line":112,"column":0},"end":{"line":112,"column":3}},"112":{"start":{"line":113,"column":0},"end":{"line":113,"column":0}},"113":{"start":{"line":114,"column":0},"end":{"line":114,"column":39}},"114":{"start":{"line":115,"column":0},"end":{"line":115,"column":73}},"115":{"start":{"line":116,"column":0},"end":{"line":116,"column":3}},"116":{"start":{"line":117,"column":0},"end":{"line":117,"column":0}},"117":{"start":{"line":118,"column":0},"end":{"line":118,"column":29}},"118":{"start":{"line":119,"column":0},"end":{"line":119,"column":1}},"119":{"start":{"line":120,"column":0},"end":{"line":120,"column":0}},"120":{"start":{"line":121,"column":0},"end":{"line":121,"column":24}},"121":{"start":{"line":122,"column":0},"end":{"line":122,"column":13}},"122":{"start":{"line":123,"column":0},"end":{"line":123,"column":25}},"123":{"start":{"line":124,"column":0},"end":{"line":124,"column":20}},"124":{"start":{"line":125,"column":0},"end":{"line":125,"column":3}},"125":{"start":{"line":126,"column":0},"end":{"line":126,"column":33}},"126":{"start":{"line":127,"column":0},"end":{"line":127,"column":21}},"127":{"start":{"line":128,"column":0},"end":{"line":128,"column":36}},"128":{"start":{"line":129,"column":0},"end":{"line":129,"column":5}},"129":{"start":{"line":130,"column":0},"end":{"line":130,"column":0}},"130":{"start":{"line":131,"column":0},"end":{"line":131,"column":30}},"131":{"start":{"line":132,"column":0},"end":{"line":132,"column":60}},"132":{"start":{"line":133,"column":0},"end":{"line":133,"column":5}},"133":{"start":{"line":134,"column":0},"end":{"line":134,"column":0}},"134":{"start":{"line":135,"column":0},"end":{"line":135,"column":21}},"135":{"start":{"line":136,"column":0},"end":{"line":136,"column":3}},"136":{"start":{"line":137,"column":0},"end":{"line":137,"column":0}},"137":{"start":{"line":138,"column":0},"end":{"line":138,"column":39}},"138":{"start":{"line":139,"column":0},"end":{"line":139,"column":73}},"139":{"start":{"line":140,"column":0},"end":{"line":140,"column":3}},"140":{"start":{"line":141,"column":0},"end":{"line":141,"column":0}},"141":{"start":{"line":142,"column":0},"end":{"line":142,"column":19}},"142":{"start":{"line":143,"column":0},"end":{"line":143,"column":1}},"143":{"start":{"line":144,"column":0},"end":{"line":144,"column":0}},"144":{"start":{"line":145,"column":0},"end":{"line":145,"column":25}},"145":{"start":{"line":146,"column":0},"end":{"line":146,"column":13}},"146":{"start":{"line":147,"column":0},"end":{"line":147,"column":25}},"147":{"start":{"line":148,"column":0},"end":{"line":148,"column":20}},"148":{"start":{"line":149,"column":0},"end":{"line":149,"column":3}},"149":{"start":{"line":150,"column":0},"end":{"line":150,"column":33}},"150":{"start":{"line":151,"column":0},"end":{"line":151,"column":21}},"151":{"start":{"line":152,"column":0},"end":{"line":152,"column":36}},"152":{"start":{"line":153,"column":0},"end":{"line":153,"column":5}},"153":{"start":{"line":154,"column":0},"end":{"line":154,"column":0}},"154":{"start":{"line":155,"column":0},"end":{"line":155,"column":30}},"155":{"start":{"line":156,"column":0},"end":{"line":156,"column":60}},"156":{"start":{"line":157,"column":0},"end":{"line":157,"column":5}},"157":{"start":{"line":158,"column":0},"end":{"line":158,"column":0}},"158":{"start":{"line":159,"column":0},"end":{"line":159,"column":21}},"159":{"start":{"line":160,"column":0},"end":{"line":160,"column":3}},"160":{"start":{"line":161,"column":0},"end":{"line":161,"column":0}},"161":{"start":{"line":162,"column":0},"end":{"line":162,"column":40}},"162":{"start":{"line":163,"column":0},"end":{"line":163,"column":74}},"163":{"start":{"line":164,"column":0},"end":{"line":164,"column":3}},"164":{"start":{"line":165,"column":0},"end":{"line":165,"column":0}},"165":{"start":{"line":166,"column":0},"end":{"line":166,"column":19}},"166":{"start":{"line":167,"column":0},"end":{"line":167,"column":1}},"167":{"start":{"line":168,"column":0},"end":{"line":168,"column":0}},"168":{"start":{"line":169,"column":0},"end":{"line":169,"column":77}},"169":{"start":{"line":170,"column":0},"end":{"line":170,"column":53}},"170":{"start":{"line":171,"column":0},"end":{"line":171,"column":1}},"171":{"start":{"line":172,"column":0},"end":{"line":172,"column":0}},"172":{"start":{"line":173,"column":0},"end":{"line":173,"column":78}},"173":{"start":{"line":174,"column":0},"end":{"line":174,"column":33}},"174":{"start":{"line":175,"column":0},"end":{"line":175,"column":21}},"175":{"start":{"line":176,"column":0},"end":{"line":176,"column":36}},"176":{"start":{"line":177,"column":0},"end":{"line":177,"column":5}},"177":{"start":{"line":178,"column":0},"end":{"line":178,"column":0}},"178":{"start":{"line":179,"column":0},"end":{"line":179,"column":30}},"179":{"start":{"line":180,"column":0},"end":{"line":180,"column":60}},"180":{"start":{"line":181,"column":0},"end":{"line":181,"column":5}},"181":{"start":{"line":182,"column":0},"end":{"line":182,"column":3}},"182":{"start":{"line":183,"column":0},"end":{"line":183,"column":0}},"183":{"start":{"line":184,"column":0},"end":{"line":184,"column":19}},"184":{"start":{"line":185,"column":0},"end":{"line":185,"column":1}},"185":{"start":{"line":186,"column":0},"end":{"line":186,"column":0}},"186":{"start":{"line":187,"column":0},"end":{"line":187,"column":24}},"187":{"start":{"line":188,"column":0},"end":{"line":188,"column":13}},"188":{"start":{"line":189,"column":0},"end":{"line":189,"column":25}},"189":{"start":{"line":190,"column":0},"end":{"line":190,"column":20}},"190":{"start":{"line":191,"column":0},"end":{"line":191,"column":3}},"191":{"start":{"line":192,"column":0},"end":{"line":192,"column":33}},"192":{"start":{"line":193,"column":0},"end":{"line":193,"column":21}},"193":{"start":{"line":194,"column":0},"end":{"line":194,"column":36}},"194":{"start":{"line":195,"column":0},"end":{"line":195,"column":5}},"195":{"start":{"line":196,"column":0},"end":{"line":196,"column":0}},"196":{"start":{"line":197,"column":0},"end":{"line":197,"column":30}},"197":{"start":{"line":198,"column":0},"end":{"line":198,"column":60}},"198":{"start":{"line":199,"column":0},"end":{"line":199,"column":5}},"199":{"start":{"line":200,"column":0},"end":{"line":200,"column":0}},"200":{"start":{"line":201,"column":0},"end":{"line":201,"column":21}},"201":{"start":{"line":202,"column":0},"end":{"line":202,"column":3}},"202":{"start":{"line":203,"column":0},"end":{"line":203,"column":0}},"203":{"start":{"line":204,"column":0},"end":{"line":204,"column":68}},"204":{"start":{"line":205,"column":0},"end":{"line":205,"column":73}},"205":{"start":{"line":206,"column":0},"end":{"line":206,"column":3}},"206":{"start":{"line":207,"column":0},"end":{"line":207,"column":0}},"207":{"start":{"line":208,"column":0},"end":{"line":208,"column":47}},"208":{"start":{"line":209,"column":0},"end":{"line":209,"column":0}},"209":{"start":{"line":210,"column":0},"end":{"line":210,"column":7}},"210":{"start":{"line":211,"column":0},"end":{"line":211,"column":50}},"211":{"start":{"line":212,"column":0},"end":{"line":212,"column":17}},"212":{"start":{"line":213,"column":0},"end":{"line":213,"column":41}},"213":{"start":{"line":214,"column":0},"end":{"line":214,"column":72}},"214":{"start":{"line":215,"column":0},"end":{"line":215,"column":5}},"215":{"start":{"line":216,"column":0},"end":{"line":216,"column":3}},"216":{"start":{"line":217,"column":0},"end":{"line":217,"column":1}},"217":{"start":{"line":218,"column":0},"end":{"line":218,"column":0}},"218":{"start":{"line":219,"column":0},"end":{"line":219,"column":80}},"219":{"start":{"line":220,"column":0},"end":{"line":220,"column":33}},"220":{"start":{"line":221,"column":0},"end":{"line":221,"column":21}},"221":{"start":{"line":222,"column":0},"end":{"line":222,"column":36}},"222":{"start":{"line":223,"column":0},"end":{"line":223,"column":5}},"223":{"start":{"line":224,"column":0},"end":{"line":224,"column":0}},"224":{"start":{"line":225,"column":0},"end":{"line":225,"column":30}},"225":{"start":{"line":226,"column":0},"end":{"line":226,"column":60}},"226":{"start":{"line":227,"column":0},"end":{"line":227,"column":5}},"227":{"start":{"line":228,"column":0},"end":{"line":228,"column":0}},"228":{"start":{"line":229,"column":0},"end":{"line":229,"column":21}},"229":{"start":{"line":230,"column":0},"end":{"line":230,"column":3}},"230":{"start":{"line":231,"column":0},"end":{"line":231,"column":0}},"231":{"start":{"line":232,"column":0},"end":{"line":232,"column":35}},"232":{"start":{"line":233,"column":0},"end":{"line":233,"column":72}},"233":{"start":{"line":234,"column":0},"end":{"line":234,"column":3}},"234":{"start":{"line":235,"column":0},"end":{"line":235,"column":0}},"235":{"start":{"line":236,"column":0},"end":{"line":236,"column":47}},"236":{"start":{"line":237,"column":0},"end":{"line":237,"column":35}},"237":{"start":{"line":238,"column":0},"end":{"line":238,"column":41}},"238":{"start":{"line":239,"column":0},"end":{"line":239,"column":4}},"239":{"start":{"line":240,"column":0},"end":{"line":240,"column":1}},"240":{"start":{"line":241,"column":0},"end":{"line":241,"column":0}},"241":{"start":{"line":242,"column":0},"end":{"line":242,"column":79}},"242":{"start":{"line":243,"column":0},"end":{"line":243,"column":33}},"243":{"start":{"line":244,"column":0},"end":{"line":244,"column":21}},"244":{"start":{"line":245,"column":0},"end":{"line":245,"column":46}},"245":{"start":{"line":246,"column":0},"end":{"line":246,"column":5}},"246":{"start":{"line":247,"column":0},"end":{"line":247,"column":0}},"247":{"start":{"line":248,"column":0},"end":{"line":248,"column":30}},"248":{"start":{"line":249,"column":0},"end":{"line":249,"column":60}},"249":{"start":{"line":250,"column":0},"end":{"line":250,"column":5}},"250":{"start":{"line":251,"column":0},"end":{"line":251,"column":0}},"251":{"start":{"line":252,"column":0},"end":{"line":252,"column":21}},"252":{"start":{"line":253,"column":0},"end":{"line":253,"column":3}},"253":{"start":{"line":254,"column":0},"end":{"line":254,"column":0}},"254":{"start":{"line":255,"column":0},"end":{"line":255,"column":58}},"255":{"start":{"line":256,"column":0},"end":{"line":256,"column":30}},"256":{"start":{"line":257,"column":0},"end":{"line":257,"column":16}},"257":{"start":{"line":258,"column":0},"end":{"line":258,"column":53}},"258":{"start":{"line":259,"column":0},"end":{"line":259,"column":5}},"259":{"start":{"line":260,"column":0},"end":{"line":260,"column":3}},"260":{"start":{"line":261,"column":0},"end":{"line":261,"column":0}},"261":{"start":{"line":262,"column":0},"end":{"line":262,"column":35}},"262":{"start":{"line":263,"column":0},"end":{"line":263,"column":30}},"263":{"start":{"line":264,"column":0},"end":{"line":264,"column":30}},"264":{"start":{"line":265,"column":0},"end":{"line":265,"column":16}},"265":{"start":{"line":266,"column":0},"end":{"line":266,"column":71}},"266":{"start":{"line":267,"column":0},"end":{"line":267,"column":5}},"267":{"start":{"line":268,"column":0},"end":{"line":268,"column":3}},"268":{"start":{"line":269,"column":0},"end":{"line":269,"column":0}},"269":{"start":{"line":270,"column":0},"end":{"line":270,"column":13}},"270":{"start":{"line":271,"column":0},"end":{"line":271,"column":1}},"271":{"start":{"line":272,"column":0},"end":{"line":272,"column":0}},"272":{"start":{"line":273,"column":0},"end":{"line":273,"column":21}},"273":{"start":{"line":274,"column":0},"end":{"line":274,"column":0}},"274":{"start":{"line":275,"column":0},"end":{"line":275,"column":26}},"275":{"start":{"line":276,"column":0},"end":{"line":276,"column":0}},"276":{"start":{"line":277,"column":0},"end":{"line":277,"column":22}}},"s":{"0":1,"1":1,"2":1,"3":1,"4":1,"5":1,"6":1,"7":1,"8":1,"9":1,"10":1,"11":1,"12":1,"13":1,"14":1,"15":1,"16":1,"17":1,"18":1,"19":1,"20":1,"21":1,"22":1,"23":1,"24":1,"25":1,"26":1,"27":1,"28":1,"29":1,"30":1,"31":1,"32":1,"33":1,"34":1,"35":1,"36":1,"37":1,"38":1,"39":1,"40":1,"41":1,"42":1,"43":1,"44":48,"45":48,"46":1,"47":1,"48":73,"49":73,"50":73,"51":73,"52":73,"53":73,"54":73,"55":73,"56":73,"57":73,"58":73,"59":73,"60":73,"61":73,"62":73,"63":73,"64":73,"65":73,"66":73,"67":73,"68":73,"69":46,"70":46,"71":73,"72":54,"73":54,"74":73,"75":1,"76":1,"77":1,"78":1,"79":1,"80":1,"81":1,"82":19,"83":19,"84":19,"85":19,"86":1,"87":1,"88":1,"89":1,"90":1,"91":1,"92":1,"93":24,"94":24,"95":24,"96":24,"97":24,"98":24,"99":9,"100":4,"101":4,"102":5,"103":9,"104":2,"105":2,"106":3,"107":3,"108":3,"109":3,"110":3,"111":3,"112":15,"113":24,"114":3,"115":3,"116":12,"117":12,"118":12,"119":1,"120":8,"121":8,"122":8,"123":8,"124":8,"125":8,"126":4,"127":2,"128":2,"129":2,"130":4,"131":1,"132":1,"133":1,"134":1,"135":1,"136":4,"137":8,"138":1,"139":1,"140":3,"141":3,"142":3,"143":1,"144":8,"145":8,"146":8,"147":8,"148":8,"149":8,"150":4,"151":2,"152":2,"153":2,"154":4,"155":1,"156":1,"157":1,"158":1,"159":1,"160":4,"161":8,"162":1,"163":1,"164":3,"165":3,"166":3,"167":1,"168":8,"169":8,"170":8,"171":1,"172":7,"173":7,"174":4,"175":2,"176":2,"177":2,"178":4,"179":1,"180":1,"181":4,"182":4,"183":4,"184":4,"185":1,"186":9,"187":9,"188":9,"189":9,"190":9,"191":9,"192":4,"193":2,"194":2,"195":2,"196":4,"197":1,"198":1,"199":1,"200":1,"201":1,"202":5,"203":9,"204":1,"205":1,"206":4,"207":4,"208":4,"209":4,"210":4,"211":9,"212":1,"213":1,"214":1,"215":1,"216":9,"217":1,"218":8,"219":8,"220":4,"221":2,"222":2,"223":2,"224":4,"225":1,"226":1,"227":1,"228":1,"229":1,"230":4,"231":8,"232":1,"233":1,"234":3,"235":3,"236":3,"237":3,"238":3,"239":3,"240":1,"241":9,"242":9,"243":4,"244":2,"245":2,"246":2,"247":4,"248":1,"249":1,"250":1,"251":1,"252":1,"253":5,"254":9,"255":1,"256":1,"257":1,"258":1,"259":1,"260":4,"261":4,"262":9,"263":1,"264":1,"265":1,"266":1,"267":1,"268":3,"269":3,"270":3,"271":1,"272":1,"273":1,"274":1,"275":1,"276":1},"branchMap":{"0":{"type":"branch","line":44,"loc":{"start":{"line":44,"column":2},"end":{"line":46,"column":3}},"locations":[{"start":{"line":44,"column":2},"end":{"line":46,"column":3}}]},"1":{"type":"branch","line":48,"loc":{"start":{"line":48,"column":2},"end":{"line":75,"column":3}},"locations":[{"start":{"line":48,"column":2},"end":{"line":75,"column":3}}]},"2":{"type":"branch","line":69,"loc":{"start":{"line":69,"column":40},"end":{"line":71,"column":7}},"locations":[{"start":{"line":69,"column":40},"end":{"line":71,"column":7}}]},"3":{"type":"branch","line":72,"loc":{"start":{"line":72,"column":4},"end":{"line":74,"column":15}},"locations":[{"start":{"line":72,"column":4},"end":{"line":74,"column":15}}]},"4":{"type":"branch","line":82,"loc":{"start":{"line":82,"column":2},"end":{"line":86,"column":3}},"locations":[{"start":{"line":82,"column":2},"end":{"line":86,"column":3}}]},"5":{"type":"branch","line":94,"loc":{"start":{"line":94,"column":0},"end":{"line":119,"column":1}},"locations":[{"start":{"line":94,"column":0},"end":{"line":119,"column":1}}]},"6":{"type":"branch","line":99,"loc":{"start":{"line":99,"column":21},"end":{"line":99,"column":53}},"locations":[{"start":{"line":99,"column":21},"end":{"line":99,"column":53}}]},"7":{"type":"branch","line":99,"loc":{"start":{"line":99,"column":53},"end":{"line":112,"column":3}},"locations":[{"start":{"line":99,"column":53},"end":{"line":112,"column":3}}]},"8":{"type":"branch","line":100,"loc":{"start":{"line":100,"column":20},"end":{"line":102,"column":5}},"locations":[{"start":{"line":100,"column":20},"end":{"line":102,"column":5}}]},"9":{"type":"branch","line":102,"loc":{"start":{"line":102,"column":4},"end":{"line":104,"column":30}},"locations":[{"start":{"line":102,"column":4},"end":{"line":104,"column":30}}]},"10":{"type":"branch","line":104,"loc":{"start":{"line":104,"column":30},"end":{"line":106,"column":5}},"locations":[{"start":{"line":104,"column":30},"end":{"line":106,"column":5}}]},"11":{"type":"branch","line":106,"loc":{"start":{"line":106,"column":4},"end":{"line":112,"column":3}},"locations":[{"start":{"line":106,"column":4},"end":{"line":112,"column":3}}]},"12":{"type":"branch","line":112,"loc":{"start":{"line":112,"column":2},"end":{"line":114,"column":38}},"locations":[{"start":{"line":112,"column":2},"end":{"line":114,"column":38}}]},"13":{"type":"branch","line":114,"loc":{"start":{"line":114,"column":38},"end":{"line":116,"column":3}},"locations":[{"start":{"line":114,"column":38},"end":{"line":116,"column":3}}]},"14":{"type":"branch","line":116,"loc":{"start":{"line":116,"column":2},"end":{"line":119,"column":1}},"locations":[{"start":{"line":116,"column":2},"end":{"line":119,"column":1}}]},"15":{"type":"branch","line":121,"loc":{"start":{"line":121,"column":0},"end":{"line":143,"column":1}},"locations":[{"start":{"line":121,"column":0},"end":{"line":143,"column":1}}]},"16":{"type":"branch","line":126,"loc":{"start":{"line":126,"column":32},"end":{"line":138,"column":38}},"locations":[{"start":{"line":126,"column":32},"end":{"line":138,"column":38}}]},"17":{"type":"branch","line":127,"loc":{"start":{"line":127,"column":20},"end":{"line":131,"column":29}},"locations":[{"start":{"line":127,"column":20},"end":{"line":131,"column":29}}]},"18":{"type":"branch","line":131,"loc":{"start":{"line":131,"column":29},"end":{"line":136,"column":3}},"locations":[{"start":{"line":131,"column":29},"end":{"line":136,"column":3}}]},"19":{"type":"branch","line":138,"loc":{"start":{"line":138,"column":38},"end":{"line":140,"column":3}},"locations":[{"start":{"line":138,"column":38},"end":{"line":140,"column":3}}]},"20":{"type":"branch","line":140,"loc":{"start":{"line":140,"column":2},"end":{"line":143,"column":1}},"locations":[{"start":{"line":140,"column":2},"end":{"line":143,"column":1}}]},"21":{"type":"branch","line":145,"loc":{"start":{"line":145,"column":0},"end":{"line":167,"column":1}},"locations":[{"start":{"line":145,"column":0},"end":{"line":167,"column":1}}]},"22":{"type":"branch","line":150,"loc":{"start":{"line":150,"column":32},"end":{"line":162,"column":39}},"locations":[{"start":{"line":150,"column":32},"end":{"line":162,"column":39}}]},"23":{"type":"branch","line":151,"loc":{"start":{"line":151,"column":20},"end":{"line":155,"column":29}},"locations":[{"start":{"line":151,"column":20},"end":{"line":155,"column":29}}]},"24":{"type":"branch","line":155,"loc":{"start":{"line":155,"column":29},"end":{"line":160,"column":3}},"locations":[{"start":{"line":155,"column":29},"end":{"line":160,"column":3}}]},"25":{"type":"branch","line":162,"loc":{"start":{"line":162,"column":39},"end":{"line":164,"column":3}},"locations":[{"start":{"line":162,"column":39},"end":{"line":164,"column":3}}]},"26":{"type":"branch","line":164,"loc":{"start":{"line":164,"column":2},"end":{"line":167,"column":1}},"locations":[{"start":{"line":164,"column":2},"end":{"line":167,"column":1}}]},"27":{"type":"branch","line":169,"loc":{"start":{"line":169,"column":0},"end":{"line":171,"column":1}},"locations":[{"start":{"line":169,"column":0},"end":{"line":171,"column":1}}]},"28":{"type":"branch","line":173,"loc":{"start":{"line":173,"column":0},"end":{"line":185,"column":1}},"locations":[{"start":{"line":173,"column":0},"end":{"line":185,"column":1}}]},"29":{"type":"branch","line":174,"loc":{"start":{"line":174,"column":32},"end":{"line":185,"column":1}},"locations":[{"start":{"line":174,"column":32},"end":{"line":185,"column":1}}]},"30":{"type":"branch","line":175,"loc":{"start":{"line":175,"column":20},"end":{"line":179,"column":29}},"locations":[{"start":{"line":175,"column":20},"end":{"line":179,"column":29}}]},"31":{"type":"branch","line":179,"loc":{"start":{"line":179,"column":29},"end":{"line":181,"column":5}},"locations":[{"start":{"line":179,"column":29},"end":{"line":181,"column":5}}]},"32":{"type":"branch","line":187,"loc":{"start":{"line":187,"column":0},"end":{"line":217,"column":1}},"locations":[{"start":{"line":187,"column":0},"end":{"line":217,"column":1}}]},"33":{"type":"branch","line":192,"loc":{"start":{"line":192,"column":32},"end":{"line":202,"column":3}},"locations":[{"start":{"line":192,"column":32},"end":{"line":202,"column":3}}]},"34":{"type":"branch","line":193,"loc":{"start":{"line":193,"column":20},"end":{"line":197,"column":29}},"locations":[{"start":{"line":193,"column":20},"end":{"line":197,"column":29}}]},"35":{"type":"branch","line":197,"loc":{"start":{"line":197,"column":29},"end":{"line":202,"column":3}},"locations":[{"start":{"line":197,"column":29},"end":{"line":202,"column":3}}]},"36":{"type":"branch","line":202,"loc":{"start":{"line":202,"column":2},"end":{"line":204,"column":40}},"locations":[{"start":{"line":202,"column":2},"end":{"line":204,"column":40}}]},"37":{"type":"branch","line":204,"loc":{"start":{"line":204,"column":28},"end":{"line":204,"column":67}},"locations":[{"start":{"line":204,"column":28},"end":{"line":204,"column":67}}]},"38":{"type":"branch","line":204,"loc":{"start":{"line":204,"column":67},"end":{"line":206,"column":3}},"locations":[{"start":{"line":204,"column":67},"end":{"line":206,"column":3}}]},"39":{"type":"branch","line":206,"loc":{"start":{"line":206,"column":2},"end":{"line":212,"column":4}},"locations":[{"start":{"line":206,"column":2},"end":{"line":212,"column":4}}]},"40":{"type":"branch","line":212,"loc":{"start":{"line":212,"column":2},"end":{"line":216,"column":3}},"locations":[{"start":{"line":212,"column":2},"end":{"line":216,"column":3}}]},"41":{"type":"branch","line":219,"loc":{"start":{"line":219,"column":0},"end":{"line":240,"column":1}},"locations":[{"start":{"line":219,"column":0},"end":{"line":240,"column":1}}]},"42":{"type":"branch","line":220,"loc":{"start":{"line":220,"column":32},"end":{"line":232,"column":34}},"locations":[{"start":{"line":220,"column":32},"end":{"line":232,"column":34}}]},"43":{"type":"branch","line":221,"loc":{"start":{"line":221,"column":20},"end":{"line":225,"column":29}},"locations":[{"start":{"line":221,"column":20},"end":{"line":225,"column":29}}]},"44":{"type":"branch","line":225,"loc":{"start":{"line":225,"column":29},"end":{"line":230,"column":3}},"locations":[{"start":{"line":225,"column":29},"end":{"line":230,"column":3}}]},"45":{"type":"branch","line":232,"loc":{"start":{"line":232,"column":34},"end":{"line":234,"column":3}},"locations":[{"start":{"line":232,"column":34},"end":{"line":234,"column":3}}]},"46":{"type":"branch","line":234,"loc":{"start":{"line":234,"column":2},"end":{"line":240,"column":1}},"locations":[{"start":{"line":234,"column":2},"end":{"line":240,"column":1}}]},"47":{"type":"branch","line":237,"loc":{"start":{"line":237,"column":24},"end":{"line":239,"column":3}},"locations":[{"start":{"line":237,"column":24},"end":{"line":239,"column":3}}]},"48":{"type":"branch","line":242,"loc":{"start":{"line":242,"column":0},"end":{"line":271,"column":1}},"locations":[{"start":{"line":242,"column":0},"end":{"line":271,"column":1}}]},"49":{"type":"branch","line":243,"loc":{"start":{"line":243,"column":32},"end":{"line":253,"column":3}},"locations":[{"start":{"line":243,"column":32},"end":{"line":253,"column":3}}]},"50":{"type":"branch","line":244,"loc":{"start":{"line":244,"column":20},"end":{"line":248,"column":29}},"locations":[{"start":{"line":244,"column":20},"end":{"line":248,"column":29}}]},"51":{"type":"branch","line":248,"loc":{"start":{"line":248,"column":29},"end":{"line":253,"column":3}},"locations":[{"start":{"line":248,"column":29},"end":{"line":253,"column":3}}]},"52":{"type":"branch","line":253,"loc":{"start":{"line":253,"column":2},"end":{"line":255,"column":57}},"locations":[{"start":{"line":253,"column":2},"end":{"line":255,"column":57}}]},"53":{"type":"branch","line":255,"loc":{"start":{"line":255,"column":57},"end":{"line":260,"column":3}},"locations":[{"start":{"line":255,"column":57},"end":{"line":260,"column":3}}]},"54":{"type":"branch","line":260,"loc":{"start":{"line":260,"column":2},"end":{"line":263,"column":29}},"locations":[{"start":{"line":260,"column":2},"end":{"line":263,"column":29}}]},"55":{"type":"branch","line":263,"loc":{"start":{"line":263,"column":29},"end":{"line":268,"column":3}},"locations":[{"start":{"line":263,"column":29},"end":{"line":268,"column":3}}]},"56":{"type":"branch","line":268,"loc":{"start":{"line":268,"column":2},"end":{"line":271,"column":1}},"locations":[{"start":{"line":268,"column":2},"end":{"line":271,"column":1}}]}},"b":{"0":[48],"1":[73],"2":[46],"3":[54],"4":[19],"5":[24],"6":[16],"7":[9],"8":[4],"9":[5],"10":[2],"11":[3],"12":[15],"13":[3],"14":[12],"15":[8],"16":[4],"17":[2],"18":[1],"19":[1],"20":[3],"21":[8],"22":[4],"23":[2],"24":[1],"25":[1],"26":[3],"27":[8],"28":[7],"29":[4],"30":[2],"31":[1],"32":[9],"33":[4],"34":[2],"35":[1],"36":[5],"37":[4],"38":[1],"39":[4],"40":[1],"41":[8],"42":[4],"43":[2],"44":[1],"45":[1],"46":[3],"47":[3],"48":[9],"49":[4],"50":[2],"51":[1],"52":[5],"53":[1],"54":[4],"55":[1],"56":[3]},"fnMap":{"0":{"name":"Schema","decl":{"start":{"line":44,"column":2},"end":{"line":46,"column":3}},"loc":{"start":{"line":44,"column":2},"end":{"line":46,"column":3}},"line":44},"1":{"name":"validate","decl":{"start":{"line":48,"column":2},"end":{"line":75,"column":3}},"loc":{"start":{"line":48,"column":2},"end":{"line":75,"column":3}},"line":48},"2":{"name":"ValidationError","decl":{"start":{"line":82,"column":2},"end":{"line":86,"column":3}},"loc":{"start":{"line":82,"column":2},"end":{"line":86,"column":3}},"line":82},"3":{"name":"validateString","decl":{"start":{"line":94,"column":0},"end":{"line":119,"column":1}},"loc":{"start":{"line":94,"column":0},"end":{"line":119,"column":1}},"line":94},"4":{"name":"validateNumber","decl":{"start":{"line":121,"column":0},"end":{"line":143,"column":1}},"loc":{"start":{"line":121,"column":0},"end":{"line":143,"column":1}},"line":121},"5":{"name":"validateBoolean","decl":{"start":{"line":145,"column":0},"end":{"line":167,"column":1}},"loc":{"start":{"line":145,"column":0},"end":{"line":167,"column":1}},"line":145},"6":{"name":"validateId","decl":{"start":{"line":169,"column":0},"end":{"line":171,"column":1}},"loc":{"start":{"line":169,"column":0},"end":{"line":171,"column":1}},"line":169},"7":{"name":"validateAny","decl":{"start":{"line":173,"column":0},"end":{"line":185,"column":1}},"loc":{"start":{"line":173,"column":0},"end":{"line":185,"column":1}},"line":173},"8":{"name":"validateObject","decl":{"start":{"line":187,"column":0},"end":{"line":217,"column":1}},"loc":{"start":{"line":187,"column":0},"end":{"line":217,"column":1}},"line":187},"9":{"name":"validateArray","decl":{"start":{"line":219,"column":0},"end":{"line":240,"column":1}},"loc":{"start":{"line":219,"column":0},"end":{"line":240,"column":1}},"line":219},"10":{"name":"validateDate","decl":{"start":{"line":242,"column":0},"end":{"line":271,"column":1}},"loc":{"start":{"line":242,"column":0},"end":{"line":271,"column":1}},"line":242}},"f":{"0":48,"1":73,"2":19,"3":24,"4":8,"5":8,"6":8,"7":7,"8":9,"9":8,"10":9}}
}
