{"C:\\Users\\Degreat\\Documents\\codes\\mangobase\\base\\src\\schema.ts": {"path":"C:\\Users\\Degreat\\Documents\\codes\\mangobase\\base\\src\\schema.ts","all":false,"statementMap":{"0":{"start":{"line":1,"column":0},"end":{"line":1,"column":21}},"1":{"start":{"line":2,"column":0},"end":{"line":2,"column":9}},"2":{"start":{"line":3,"column":0},"end":{"line":3,"column":11}},"3":{"start":{"line":4,"column":0},"end":{"line":4,"column":13}},"4":{"start":{"line":5,"column":0},"end":{"line":5,"column":10}},"5":{"start":{"line":6,"column":0},"end":{"line":6,"column":8}},"6":{"start":{"line":7,"column":0},"end":{"line":7,"column":12}},"7":{"start":{"line":8,"column":0},"end":{"line":8,"column":12}},"8":{"start":{"line":9,"column":0},"end":{"line":9,"column":12}},"9":{"start":{"line":10,"column":0},"end":{"line":10,"column":0}},"10":{"start":{"line":11,"column":0},"end":{"line":11,"column":22}},"11":{"start":{"line":12,"column":0},"end":{"line":12,"column":60}},"12":{"start":{"line":13,"column":0},"end":{"line":13,"column":64}},"13":{"start":{"line":14,"column":0},"end":{"line":14,"column":46}},"14":{"start":{"line":15,"column":0},"end":{"line":15,"column":7}},"15":{"start":{"line":16,"column":0},"end":{"line":16,"column":22}},"16":{"start":{"line":17,"column":0},"end":{"line":17,"column":0}},"17":{"start":{"line":18,"column":0},"end":{"line":18,"column":20}},"18":{"start":{"line":19,"column":0},"end":{"line":19,"column":0}},"19":{"start":{"line":20,"column":0},"end":{"line":20,"column":20}},"20":{"start":{"line":21,"column":0},"end":{"line":21,"column":0}},"21":{"start":{"line":22,"column":0},"end":{"line":22,"column":59}},"22":{"start":{"line":23,"column":0},"end":{"line":23,"column":18}},"23":{"start":{"line":24,"column":0},"end":{"line":24,"column":0}},"24":{"start":{"line":25,"column":0},"end":{"line":25,"column":80}},"25":{"start":{"line":26,"column":0},"end":{"line":26,"column":19}},"26":{"start":{"line":27,"column":0},"end":{"line":27,"column":0}},"27":{"start":{"line":28,"column":0},"end":{"line":28,"column":61}},"28":{"start":{"line":29,"column":0},"end":{"line":29,"column":70}},"29":{"start":{"line":30,"column":0},"end":{"line":30,"column":17}},"30":{"start":{"line":31,"column":0},"end":{"line":31,"column":18}},"31":{"start":{"line":32,"column":0},"end":{"line":32,"column":25}},"32":{"start":{"line":33,"column":0},"end":{"line":33,"column":21}},"33":{"start":{"line":34,"column":0},"end":{"line":34,"column":43}},"34":{"start":{"line":35,"column":0},"end":{"line":35,"column":6}},"35":{"start":{"line":36,"column":0},"end":{"line":36,"column":8}},"36":{"start":{"line":37,"column":0},"end":{"line":37,"column":7}},"37":{"start":{"line":38,"column":0},"end":{"line":38,"column":28}},"38":{"start":{"line":39,"column":0},"end":{"line":39,"column":1}},"39":{"start":{"line":40,"column":0},"end":{"line":40,"column":0}},"40":{"start":{"line":41,"column":0},"end":{"line":41,"column":51}},"41":{"start":{"line":42,"column":0},"end":{"line":42,"column":19}},"42":{"start":{"line":43,"column":0},"end":{"line":43,"column":5}},"43":{"start":{"line":44,"column":0},"end":{"line":44,"column":88}},"44":{"start":{"line":45,"column":0},"end":{"line":45,"column":92}},"45":{"start":{"line":46,"column":0},"end":{"line":46,"column":4}},"46":{"start":{"line":47,"column":0},"end":{"line":47,"column":5}},"47":{"start":{"line":48,"column":0},"end":{"line":48,"column":64}},"48":{"start":{"line":49,"column":0},"end":{"line":49,"column":1}},"49":{"start":{"line":50,"column":0},"end":{"line":50,"column":0}},"50":{"start":{"line":51,"column":0},"end":{"line":51,"column":14}},"51":{"start":{"line":52,"column":0},"end":{"line":52,"column":27}},"52":{"start":{"line":53,"column":0},"end":{"line":53,"column":63}},"53":{"start":{"line":54,"column":0},"end":{"line":54,"column":0}},"54":{"start":{"line":55,"column":0},"end":{"line":55,"column":27}},"55":{"start":{"line":56,"column":0},"end":{"line":56,"column":37}},"56":{"start":{"line":57,"column":0},"end":{"line":57,"column":41}},"57":{"start":{"line":58,"column":0},"end":{"line":58,"column":45}},"58":{"start":{"line":59,"column":0},"end":{"line":59,"column":39}},"59":{"start":{"line":60,"column":0},"end":{"line":60,"column":35}},"60":{"start":{"line":61,"column":0},"end":{"line":61,"column":43}},"61":{"start":{"line":62,"column":0},"end":{"line":62,"column":43}},"62":{"start":{"line":63,"column":0},"end":{"line":63,"column":43}},"63":{"start":{"line":64,"column":0},"end":{"line":64,"column":3}},"64":{"start":{"line":65,"column":0},"end":{"line":65,"column":0}},"65":{"start":{"line":66,"column":0},"end":{"line":66,"column":65}},"66":{"start":{"line":67,"column":0},"end":{"line":67,"column":24}},"67":{"start":{"line":68,"column":0},"end":{"line":68,"column":40}},"68":{"start":{"line":69,"column":0},"end":{"line":69,"column":3}},"69":{"start":{"line":70,"column":0},"end":{"line":70,"column":0}},"70":{"start":{"line":71,"column":0},"end":{"line":71,"column":41}},"71":{"start":{"line":72,"column":0},"end":{"line":72,"column":29}},"72":{"start":{"line":73,"column":0},"end":{"line":73,"column":12}},"73":{"start":{"line":74,"column":0},"end":{"line":74,"column":5}},"74":{"start":{"line":75,"column":0},"end":{"line":75,"column":0}},"75":{"start":{"line":76,"column":0},"end":{"line":76,"column":37}},"76":{"start":{"line":77,"column":0},"end":{"line":77,"column":39}},"77":{"start":{"line":78,"column":0},"end":{"line":78,"column":3}},"78":{"start":{"line":79,"column":0},"end":{"line":79,"column":0}},"79":{"start":{"line":80,"column":0},"end":{"line":80,"column":5}},"80":{"start":{"line":81,"column":0},"end":{"line":81,"column":74}},"81":{"start":{"line":82,"column":0},"end":{"line":82,"column":49}},"82":{"start":{"line":83,"column":0},"end":{"line":83,"column":18}},"83":{"start":{"line":84,"column":0},"end":{"line":84,"column":16}},"84":{"start":{"line":85,"column":0},"end":{"line":85,"column":39}},"85":{"start":{"line":86,"column":0},"end":{"line":86,"column":6}},"86":{"start":{"line":87,"column":0},"end":{"line":87,"column":8}},"87":{"start":{"line":88,"column":0},"end":{"line":88,"column":4}},"88":{"start":{"line":89,"column":0},"end":{"line":89,"column":55}},"89":{"start":{"line":90,"column":0},"end":{"line":90,"column":18}},"90":{"start":{"line":91,"column":0},"end":{"line":91,"column":49}},"91":{"start":{"line":92,"column":0},"end":{"line":92,"column":8}},"92":{"start":{"line":93,"column":0},"end":{"line":93,"column":4}},"93":{"start":{"line":94,"column":0},"end":{"line":94,"column":84}},"94":{"start":{"line":95,"column":0},"end":{"line":95,"column":5}},"95":{"start":{"line":96,"column":0},"end":{"line":96,"column":41}},"96":{"start":{"line":97,"column":0},"end":{"line":97,"column":38}},"97":{"start":{"line":98,"column":0},"end":{"line":98,"column":0}},"98":{"start":{"line":99,"column":0},"end":{"line":99,"column":53}},"99":{"start":{"line":100,"column":0},"end":{"line":100,"column":54}},"100":{"start":{"line":101,"column":0},"end":{"line":101,"column":0}},"101":{"start":{"line":102,"column":0},"end":{"line":102,"column":8}},"102":{"start":{"line":103,"column":0},"end":{"line":103,"column":5}},"103":{"start":{"line":104,"column":0},"end":{"line":104,"column":0}},"104":{"start":{"line":105,"column":0},"end":{"line":105,"column":14}},"105":{"start":{"line":106,"column":0},"end":{"line":106,"column":3}},"106":{"start":{"line":107,"column":0},"end":{"line":107,"column":0}},"107":{"start":{"line":108,"column":0},"end":{"line":108,"column":43}},"108":{"start":{"line":109,"column":0},"end":{"line":109,"column":37}},"109":{"start":{"line":110,"column":0},"end":{"line":110,"column":0}},"110":{"start":{"line":111,"column":0},"end":{"line":111,"column":66}},"111":{"start":{"line":112,"column":0},"end":{"line":112,"column":28}},"112":{"start":{"line":113,"column":0},"end":{"line":113,"column":70}},"113":{"start":{"line":114,"column":0},"end":{"line":114,"column":13}},"114":{"start":{"line":115,"column":0},"end":{"line":115,"column":29}},"115":{"start":{"line":116,"column":0},"end":{"line":116,"column":19}},"116":{"start":{"line":117,"column":0},"end":{"line":117,"column":18}},"117":{"start":{"line":118,"column":0},"end":{"line":118,"column":7}},"118":{"start":{"line":119,"column":0},"end":{"line":119,"column":0}},"119":{"start":{"line":120,"column":0},"end":{"line":120,"column":41}},"120":{"start":{"line":121,"column":0},"end":{"line":121,"column":61}},"121":{"start":{"line":122,"column":0},"end":{"line":122,"column":7}},"122":{"start":{"line":123,"column":0},"end":{"line":123,"column":5}},"123":{"start":{"line":124,"column":0},"end":{"line":124,"column":0}},"124":{"start":{"line":125,"column":0},"end":{"line":125,"column":14}},"125":{"start":{"line":126,"column":0},"end":{"line":126,"column":3}},"126":{"start":{"line":127,"column":0},"end":{"line":127,"column":0}},"127":{"start":{"line":128,"column":0},"end":{"line":128,"column":69}},"128":{"start":{"line":129,"column":0},"end":{"line":129,"column":46}},"129":{"start":{"line":130,"column":0},"end":{"line":130,"column":43}},"130":{"start":{"line":131,"column":0},"end":{"line":131,"column":0}},"131":{"start":{"line":132,"column":0},"end":{"line":132,"column":38}},"132":{"start":{"line":133,"column":0},"end":{"line":133,"column":23}},"133":{"start":{"line":134,"column":0},"end":{"line":134,"column":5}},"134":{"start":{"line":135,"column":0},"end":{"line":135,"column":0}},"135":{"start":{"line":136,"column":0},"end":{"line":136,"column":70}},"136":{"start":{"line":137,"column":0},"end":{"line":137,"column":79}},"137":{"start":{"line":138,"column":0},"end":{"line":138,"column":5}},"138":{"start":{"line":139,"column":0},"end":{"line":139,"column":0}},"139":{"start":{"line":140,"column":0},"end":{"line":140,"column":82}},"140":{"start":{"line":141,"column":0},"end":{"line":141,"column":59}},"141":{"start":{"line":142,"column":0},"end":{"line":142,"column":20}},"142":{"start":{"line":143,"column":0},"end":{"line":143,"column":3}},"143":{"start":{"line":144,"column":0},"end":{"line":144,"column":0}},"144":{"start":{"line":145,"column":0},"end":{"line":145,"column":25}},"145":{"start":{"line":146,"column":0},"end":{"line":146,"column":15}},"146":{"start":{"line":147,"column":0},"end":{"line":147,"column":27}},"147":{"start":{"line":148,"column":0},"end":{"line":148,"column":22}},"148":{"start":{"line":149,"column":0},"end":{"line":149,"column":5}},"149":{"start":{"line":150,"column":0},"end":{"line":150,"column":56}},"150":{"start":{"line":151,"column":0},"end":{"line":151,"column":23}},"151":{"start":{"line":152,"column":0},"end":{"line":152,"column":38}},"152":{"start":{"line":153,"column":0},"end":{"line":153,"column":7}},"153":{"start":{"line":154,"column":0},"end":{"line":154,"column":0}},"154":{"start":{"line":155,"column":0},"end":{"line":155,"column":33}},"155":{"start":{"line":156,"column":0},"end":{"line":156,"column":25}},"156":{"start":{"line":157,"column":0},"end":{"line":157,"column":7}},"157":{"start":{"line":158,"column":0},"end":{"line":158,"column":0}},"158":{"start":{"line":159,"column":0},"end":{"line":159,"column":32}},"159":{"start":{"line":160,"column":0},"end":{"line":160,"column":18}},"160":{"start":{"line":161,"column":0},"end":{"line":161,"column":48}},"161":{"start":{"line":162,"column":0},"end":{"line":162,"column":7}},"162":{"start":{"line":163,"column":0},"end":{"line":163,"column":5}},"163":{"start":{"line":164,"column":0},"end":{"line":164,"column":0}},"164":{"start":{"line":165,"column":0},"end":{"line":165,"column":41}},"165":{"start":{"line":166,"column":0},"end":{"line":166,"column":75}},"166":{"start":{"line":167,"column":0},"end":{"line":167,"column":5}},"167":{"start":{"line":168,"column":0},"end":{"line":168,"column":0}},"168":{"start":{"line":169,"column":0},"end":{"line":169,"column":31}},"169":{"start":{"line":170,"column":0},"end":{"line":170,"column":3}},"170":{"start":{"line":171,"column":0},"end":{"line":171,"column":0}},"171":{"start":{"line":172,"column":0},"end":{"line":172,"column":25}},"172":{"start":{"line":173,"column":0},"end":{"line":173,"column":15}},"173":{"start":{"line":174,"column":0},"end":{"line":174,"column":27}},"174":{"start":{"line":175,"column":0},"end":{"line":175,"column":22}},"175":{"start":{"line":176,"column":0},"end":{"line":176,"column":5}},"176":{"start":{"line":177,"column":0},"end":{"line":177,"column":35}},"177":{"start":{"line":178,"column":0},"end":{"line":178,"column":23}},"178":{"start":{"line":179,"column":0},"end":{"line":179,"column":38}},"179":{"start":{"line":180,"column":0},"end":{"line":180,"column":7}},"180":{"start":{"line":181,"column":0},"end":{"line":181,"column":0}},"181":{"start":{"line":182,"column":0},"end":{"line":182,"column":32}},"182":{"start":{"line":183,"column":0},"end":{"line":183,"column":62}},"183":{"start":{"line":184,"column":0},"end":{"line":184,"column":7}},"184":{"start":{"line":185,"column":0},"end":{"line":185,"column":0}},"185":{"start":{"line":186,"column":0},"end":{"line":186,"column":23}},"186":{"start":{"line":187,"column":0},"end":{"line":187,"column":5}},"187":{"start":{"line":188,"column":0},"end":{"line":188,"column":0}},"188":{"start":{"line":189,"column":0},"end":{"line":189,"column":41}},"189":{"start":{"line":190,"column":0},"end":{"line":190,"column":75}},"190":{"start":{"line":191,"column":0},"end":{"line":191,"column":5}},"191":{"start":{"line":192,"column":0},"end":{"line":192,"column":0}},"192":{"start":{"line":193,"column":0},"end":{"line":193,"column":21}},"193":{"start":{"line":194,"column":0},"end":{"line":194,"column":3}},"194":{"start":{"line":195,"column":0},"end":{"line":195,"column":0}},"195":{"start":{"line":196,"column":0},"end":{"line":196,"column":26}},"196":{"start":{"line":197,"column":0},"end":{"line":197,"column":15}},"197":{"start":{"line":198,"column":0},"end":{"line":198,"column":27}},"198":{"start":{"line":199,"column":0},"end":{"line":199,"column":22}},"199":{"start":{"line":200,"column":0},"end":{"line":200,"column":5}},"200":{"start":{"line":201,"column":0},"end":{"line":201,"column":35}},"201":{"start":{"line":202,"column":0},"end":{"line":202,"column":23}},"202":{"start":{"line":203,"column":0},"end":{"line":203,"column":38}},"203":{"start":{"line":204,"column":0},"end":{"line":204,"column":7}},"204":{"start":{"line":205,"column":0},"end":{"line":205,"column":0}},"205":{"start":{"line":206,"column":0},"end":{"line":206,"column":32}},"206":{"start":{"line":207,"column":0},"end":{"line":207,"column":62}},"207":{"start":{"line":208,"column":0},"end":{"line":208,"column":7}},"208":{"start":{"line":209,"column":0},"end":{"line":209,"column":0}},"209":{"start":{"line":210,"column":0},"end":{"line":210,"column":23}},"210":{"start":{"line":211,"column":0},"end":{"line":211,"column":5}},"211":{"start":{"line":212,"column":0},"end":{"line":212,"column":0}},"212":{"start":{"line":213,"column":0},"end":{"line":213,"column":42}},"213":{"start":{"line":214,"column":0},"end":{"line":214,"column":76}},"214":{"start":{"line":215,"column":0},"end":{"line":215,"column":5}},"215":{"start":{"line":216,"column":0},"end":{"line":216,"column":0}},"216":{"start":{"line":217,"column":0},"end":{"line":217,"column":21}},"217":{"start":{"line":218,"column":0},"end":{"line":218,"column":3}},"218":{"start":{"line":219,"column":0},"end":{"line":219,"column":0}},"219":{"start":{"line":220,"column":0},"end":{"line":220,"column":78}},"220":{"start":{"line":221,"column":0},"end":{"line":221,"column":60}},"221":{"start":{"line":222,"column":0},"end":{"line":222,"column":3}},"222":{"start":{"line":223,"column":0},"end":{"line":223,"column":0}},"223":{"start":{"line":224,"column":0},"end":{"line":224,"column":79}},"224":{"start":{"line":225,"column":0},"end":{"line":225,"column":35}},"225":{"start":{"line":226,"column":0},"end":{"line":226,"column":23}},"226":{"start":{"line":227,"column":0},"end":{"line":227,"column":38}},"227":{"start":{"line":228,"column":0},"end":{"line":228,"column":7}},"228":{"start":{"line":229,"column":0},"end":{"line":229,"column":0}},"229":{"start":{"line":230,"column":0},"end":{"line":230,"column":32}},"230":{"start":{"line":231,"column":0},"end":{"line":231,"column":62}},"231":{"start":{"line":232,"column":0},"end":{"line":232,"column":7}},"232":{"start":{"line":233,"column":0},"end":{"line":233,"column":5}},"233":{"start":{"line":234,"column":0},"end":{"line":234,"column":0}},"234":{"start":{"line":235,"column":0},"end":{"line":235,"column":21}},"235":{"start":{"line":236,"column":0},"end":{"line":236,"column":3}},"236":{"start":{"line":237,"column":0},"end":{"line":237,"column":0}},"237":{"start":{"line":238,"column":0},"end":{"line":238,"column":25}},"238":{"start":{"line":239,"column":0},"end":{"line":239,"column":15}},"239":{"start":{"line":240,"column":0},"end":{"line":240,"column":27}},"240":{"start":{"line":241,"column":0},"end":{"line":241,"column":22}},"241":{"start":{"line":242,"column":0},"end":{"line":242,"column":5}},"242":{"start":{"line":243,"column":0},"end":{"line":243,"column":35}},"243":{"start":{"line":244,"column":0},"end":{"line":244,"column":23}},"244":{"start":{"line":245,"column":0},"end":{"line":245,"column":38}},"245":{"start":{"line":246,"column":0},"end":{"line":246,"column":7}},"246":{"start":{"line":247,"column":0},"end":{"line":247,"column":0}},"247":{"start":{"line":248,"column":0},"end":{"line":248,"column":32}},"248":{"start":{"line":249,"column":0},"end":{"line":249,"column":62}},"249":{"start":{"line":250,"column":0},"end":{"line":250,"column":7}},"250":{"start":{"line":251,"column":0},"end":{"line":251,"column":0}},"251":{"start":{"line":252,"column":0},"end":{"line":252,"column":23}},"252":{"start":{"line":253,"column":0},"end":{"line":253,"column":5}},"253":{"start":{"line":254,"column":0},"end":{"line":254,"column":0}},"254":{"start":{"line":255,"column":0},"end":{"line":255,"column":70}},"255":{"start":{"line":256,"column":0},"end":{"line":256,"column":75}},"256":{"start":{"line":257,"column":0},"end":{"line":257,"column":5}},"257":{"start":{"line":258,"column":0},"end":{"line":258,"column":0}},"258":{"start":{"line":259,"column":0},"end":{"line":259,"column":76}},"259":{"start":{"line":260,"column":0},"end":{"line":260,"column":0}},"260":{"start":{"line":261,"column":0},"end":{"line":261,"column":9}},"261":{"start":{"line":262,"column":0},"end":{"line":262,"column":52}},"262":{"start":{"line":263,"column":0},"end":{"line":263,"column":19}},"263":{"start":{"line":264,"column":0},"end":{"line":264,"column":43}},"264":{"start":{"line":265,"column":0},"end":{"line":265,"column":74}},"265":{"start":{"line":266,"column":0},"end":{"line":266,"column":7}},"266":{"start":{"line":267,"column":0},"end":{"line":267,"column":5}},"267":{"start":{"line":268,"column":0},"end":{"line":268,"column":3}},"268":{"start":{"line":269,"column":0},"end":{"line":269,"column":0}},"269":{"start":{"line":270,"column":0},"end":{"line":270,"column":24}},"270":{"start":{"line":271,"column":0},"end":{"line":271,"column":15}},"271":{"start":{"line":272,"column":0},"end":{"line":272,"column":27}},"272":{"start":{"line":273,"column":0},"end":{"line":273,"column":22}},"273":{"start":{"line":274,"column":0},"end":{"line":274,"column":5}},"274":{"start":{"line":275,"column":0},"end":{"line":275,"column":35}},"275":{"start":{"line":276,"column":0},"end":{"line":276,"column":23}},"276":{"start":{"line":277,"column":0},"end":{"line":277,"column":38}},"277":{"start":{"line":278,"column":0},"end":{"line":278,"column":7}},"278":{"start":{"line":279,"column":0},"end":{"line":279,"column":0}},"279":{"start":{"line":280,"column":0},"end":{"line":280,"column":32}},"280":{"start":{"line":281,"column":0},"end":{"line":281,"column":62}},"281":{"start":{"line":282,"column":0},"end":{"line":282,"column":7}},"282":{"start":{"line":283,"column":0},"end":{"line":283,"column":0}},"283":{"start":{"line":284,"column":0},"end":{"line":284,"column":23}},"284":{"start":{"line":285,"column":0},"end":{"line":285,"column":5}},"285":{"start":{"line":286,"column":0},"end":{"line":286,"column":0}},"286":{"start":{"line":287,"column":0},"end":{"line":287,"column":37}},"287":{"start":{"line":288,"column":0},"end":{"line":288,"column":74}},"288":{"start":{"line":289,"column":0},"end":{"line":289,"column":5}},"289":{"start":{"line":290,"column":0},"end":{"line":290,"column":0}},"290":{"start":{"line":291,"column":0},"end":{"line":291,"column":76}},"291":{"start":{"line":292,"column":0},"end":{"line":292,"column":37}},"292":{"start":{"line":293,"column":0},"end":{"line":293,"column":43}},"293":{"start":{"line":294,"column":0},"end":{"line":294,"column":6}},"294":{"start":{"line":295,"column":0},"end":{"line":295,"column":3}},"295":{"start":{"line":296,"column":0},"end":{"line":296,"column":0}},"296":{"start":{"line":297,"column":0},"end":{"line":297,"column":80}},"297":{"start":{"line":298,"column":0},"end":{"line":298,"column":35}},"298":{"start":{"line":299,"column":0},"end":{"line":299,"column":23}},"299":{"start":{"line":300,"column":0},"end":{"line":300,"column":48}},"300":{"start":{"line":301,"column":0},"end":{"line":301,"column":7}},"301":{"start":{"line":302,"column":0},"end":{"line":302,"column":0}},"302":{"start":{"line":303,"column":0},"end":{"line":303,"column":32}},"303":{"start":{"line":304,"column":0},"end":{"line":304,"column":62}},"304":{"start":{"line":305,"column":0},"end":{"line":305,"column":7}},"305":{"start":{"line":306,"column":0},"end":{"line":306,"column":0}},"306":{"start":{"line":307,"column":0},"end":{"line":307,"column":23}},"307":{"start":{"line":308,"column":0},"end":{"line":308,"column":5}},"308":{"start":{"line":309,"column":0},"end":{"line":309,"column":0}},"309":{"start":{"line":310,"column":0},"end":{"line":310,"column":60}},"310":{"start":{"line":311,"column":0},"end":{"line":311,"column":32}},"311":{"start":{"line":312,"column":0},"end":{"line":312,"column":18}},"312":{"start":{"line":313,"column":0},"end":{"line":313,"column":55}},"313":{"start":{"line":314,"column":0},"end":{"line":314,"column":7}},"314":{"start":{"line":315,"column":0},"end":{"line":315,"column":5}},"315":{"start":{"line":316,"column":0},"end":{"line":316,"column":0}},"316":{"start":{"line":317,"column":0},"end":{"line":317,"column":37}},"317":{"start":{"line":318,"column":0},"end":{"line":318,"column":32}},"318":{"start":{"line":319,"column":0},"end":{"line":319,"column":32}},"319":{"start":{"line":320,"column":0},"end":{"line":320,"column":18}},"320":{"start":{"line":321,"column":0},"end":{"line":321,"column":73}},"321":{"start":{"line":322,"column":0},"end":{"line":322,"column":7}},"322":{"start":{"line":323,"column":0},"end":{"line":323,"column":5}},"323":{"start":{"line":324,"column":0},"end":{"line":324,"column":0}},"324":{"start":{"line":325,"column":0},"end":{"line":325,"column":15}},"325":{"start":{"line":326,"column":0},"end":{"line":326,"column":3}},"326":{"start":{"line":327,"column":0},"end":{"line":327,"column":1}},"327":{"start":{"line":328,"column":0},"end":{"line":328,"column":0}},"328":{"start":{"line":329,"column":0},"end":{"line":329,"column":37}},"329":{"start":{"line":330,"column":0},"end":{"line":330,"column":15}},"330":{"start":{"line":331,"column":0},"end":{"line":331,"column":16}},"331":{"start":{"line":332,"column":0},"end":{"line":332,"column":0}},"332":{"start":{"line":333,"column":0},"end":{"line":333,"column":46}},"333":{"start":{"line":334,"column":0},"end":{"line":334,"column":32}},"334":{"start":{"line":335,"column":0},"end":{"line":335,"column":22}},"335":{"start":{"line":336,"column":0},"end":{"line":336,"column":24}},"336":{"start":{"line":337,"column":0},"end":{"line":337,"column":3}},"337":{"start":{"line":338,"column":0},"end":{"line":338,"column":1}},"338":{"start":{"line":339,"column":0},"end":{"line":339,"column":0}},"339":{"start":{"line":340,"column":0},"end":{"line":340,"column":16}},"340":{"start":{"line":341,"column":0},"end":{"line":341,"column":14}},"341":{"start":{"line":342,"column":0},"end":{"line":342,"column":12}},"342":{"start":{"line":343,"column":0},"end":{"line":343,"column":1}},"343":{"start":{"line":344,"column":0},"end":{"line":344,"column":0}},"344":{"start":{"line":345,"column":0},"end":{"line":345,"column":21}},"345":{"start":{"line":346,"column":0},"end":{"line":346,"column":0}},"346":{"start":{"line":347,"column":0},"end":{"line":347,"column":26}},"347":{"start":{"line":348,"column":0},"end":{"line":348,"column":0}},"348":{"start":{"line":349,"column":0},"end":{"line":349,"column":61}}},"s":{"0":1,"1":1,"2":1,"3":1,"4":1,"5":1,"6":1,"7":1,"8":1,"9":1,"10":1,"11":1,"12":1,"13":1,"14":1,"15":1,"16":1,"17":1,"18":1,"19":1,"20":1,"21":1,"22":1,"23":1,"24":1,"25":1,"26":1,"27":1,"28":1,"29":1,"30":1,"31":1,"32":1,"33":1,"34":1,"35":1,"36":1,"37":1,"38":1,"39":1,"40":1,"41":1,"42":1,"43":1,"44":1,"45":1,"46":1,"47":1,"48":1,"49":1,"50":1,"51":1,"52":1,"53":1,"54":1,"55":1,"56":1,"57":1,"58":1,"59":1,"60":1,"61":1,"62":1,"63":1,"64":1,"65":1,"66":50,"67":50,"68":50,"69":1,"70":1,"71":49,"72":1,"73":1,"74":48,"75":48,"76":49,"77":49,"78":1,"79":1,"80":1,"81":1,"82":1,"83":1,"84":1,"85":1,"86":1,"87":1,"88":1,"89":1,"90":1,"91":1,"92":1,"93":1,"94":1,"95":1,"96":1,"97":1,"98":1,"99":0,"100":0,"101":0,"102":0,"103":1,"104":1,"105":1,"106":1,"107":1,"108":74,"109":74,"110":74,"111":75,"112":75,"113":75,"114":75,"115":75,"116":75,"117":75,"118":75,"119":75,"120":48,"121":48,"122":75,"123":55,"124":55,"125":74,"126":1,"127":1,"128":0,"129":0,"130":0,"131":0,"132":0,"133":0,"134":0,"135":0,"136":0,"137":0,"138":0,"139":0,"140":0,"141":0,"142":0,"143":1,"144":1,"145":26,"146":26,"147":26,"148":26,"149":26,"150":9,"151":4,"152":4,"153":5,"154":9,"155":2,"156":2,"157":3,"158":3,"159":3,"160":3,"161":3,"162":3,"163":17,"164":26,"165":3,"166":3,"167":14,"168":14,"169":26,"170":1,"171":1,"172":8,"173":8,"174":8,"175":8,"176":8,"177":4,"178":2,"179":2,"180":2,"181":4,"182":1,"183":1,"184":1,"185":1,"186":1,"187":4,"188":8,"189":1,"190":1,"191":3,"192":3,"193":8,"194":1,"195":1,"196":8,"197":8,"198":8,"199":8,"200":8,"201":4,"202":2,"203":2,"204":2,"205":4,"206":1,"207":1,"208":1,"209":1,"210":1,"211":4,"212":8,"213":1,"214":1,"215":3,"216":3,"217":8,"218":1,"219":1,"220":9,"221":9,"222":1,"223":1,"224":7,"225":4,"226":2,"227":2,"228":2,"229":4,"230":1,"231":1,"232":4,"233":4,"234":4,"235":7,"236":1,"237":1,"238":9,"239":9,"240":9,"241":9,"242":9,"243":4,"244":2,"245":2,"246":2,"247":4,"248":1,"249":1,"250":1,"251":1,"252":1,"253":5,"254":9,"255":1,"256":1,"257":4,"258":4,"259":4,"260":4,"261":4,"262":9,"263":1,"264":1,"265":1,"266":1,"267":9,"268":1,"269":1,"270":8,"271":8,"272":8,"273":8,"274":8,"275":4,"276":2,"277":2,"278":2,"279":4,"280":1,"281":1,"282":1,"283":1,"284":1,"285":4,"286":8,"287":1,"288":1,"289":3,"290":3,"291":3,"292":3,"293":3,"294":8,"295":1,"296":1,"297":9,"298":4,"299":2,"300":2,"301":2,"302":4,"303":1,"304":1,"305":1,"306":1,"307":1,"308":5,"309":9,"310":1,"311":1,"312":1,"313":1,"314":1,"315":4,"316":4,"317":9,"318":1,"319":1,"320":1,"321":1,"322":1,"323":3,"324":3,"325":9,"326":1,"327":1,"328":1,"329":1,"330":1,"331":1,"332":1,"333":19,"334":19,"335":19,"336":19,"337":1,"338":1,"339":1,"340":1,"341":1,"342":1,"343":1,"344":1,"345":1,"346":1,"347":1,"348":1},"branchMap":{"0":{"type":"branch","line":66,"loc":{"start":{"line":66,"column":2},"end":{"line":69,"column":3}},"locations":[{"start":{"line":66,"column":2},"end":{"line":69,"column":3}}]},"1":{"type":"branch","line":68,"loc":{"start":{"line":68,"column":27},"end":{"line":68,"column":40}},"locations":[{"start":{"line":68,"column":27},"end":{"line":68,"column":40}}]},"2":{"type":"branch","line":71,"loc":{"start":{"line":71,"column":2},"end":{"line":78,"column":3}},"locations":[{"start":{"line":71,"column":2},"end":{"line":78,"column":3}}]},"3":{"type":"branch","line":72,"loc":{"start":{"line":72,"column":28},"end":{"line":74,"column":5}},"locations":[{"start":{"line":72,"column":28},"end":{"line":74,"column":5}}]},"4":{"type":"branch","line":74,"loc":{"start":{"line":74,"column":4},"end":{"line":77,"column":20}},"locations":[{"start":{"line":74,"column":4},"end":{"line":77,"column":20}}]},"5":{"type":"branch","line":77,"loc":{"start":{"line":77,"column":11},"end":{"line":77,"column":35}},"locations":[{"start":{"line":77,"column":11},"end":{"line":77,"column":35}}]},"6":{"type":"branch","line":77,"loc":{"start":{"line":77,"column":31},"end":{"line":77,"column":39}},"locations":[{"start":{"line":77,"column":31},"end":{"line":77,"column":39}}]},"7":{"type":"branch","line":96,"loc":{"start":{"line":96,"column":2},"end":{"line":106,"column":3}},"locations":[{"start":{"line":96,"column":2},"end":{"line":106,"column":3}}]},"8":{"type":"branch","line":99,"loc":{"start":{"line":99,"column":52},"end":{"line":103,"column":5}},"locations":[{"start":{"line":99,"column":52},"end":{"line":103,"column":5}}]},"9":{"type":"branch","line":108,"loc":{"start":{"line":108,"column":2},"end":{"line":126,"column":3}},"locations":[{"start":{"line":108,"column":2},"end":{"line":126,"column":3}}]},"10":{"type":"branch","line":111,"loc":{"start":{"line":111,"column":65},"end":{"line":123,"column":5}},"locations":[{"start":{"line":111,"column":65},"end":{"line":123,"column":5}}]},"11":{"type":"branch","line":120,"loc":{"start":{"line":120,"column":40},"end":{"line":122,"column":7}},"locations":[{"start":{"line":120,"column":40},"end":{"line":122,"column":7}}]},"12":{"type":"branch","line":123,"loc":{"start":{"line":123,"column":4},"end":{"line":125,"column":14}},"locations":[{"start":{"line":123,"column":4},"end":{"line":125,"column":14}}]},"13":{"type":"branch","line":145,"loc":{"start":{"line":145,"column":10},"end":{"line":170,"column":3}},"locations":[{"start":{"line":145,"column":10},"end":{"line":170,"column":3}}]},"14":{"type":"branch","line":150,"loc":{"start":{"line":150,"column":23},"end":{"line":150,"column":55}},"locations":[{"start":{"line":150,"column":23},"end":{"line":150,"column":55}}]},"15":{"type":"branch","line":150,"loc":{"start":{"line":150,"column":55},"end":{"line":163,"column":5}},"locations":[{"start":{"line":150,"column":55},"end":{"line":163,"column":5}}]},"16":{"type":"branch","line":151,"loc":{"start":{"line":151,"column":22},"end":{"line":153,"column":7}},"locations":[{"start":{"line":151,"column":22},"end":{"line":153,"column":7}}]},"17":{"type":"branch","line":153,"loc":{"start":{"line":153,"column":6},"end":{"line":155,"column":32}},"locations":[{"start":{"line":153,"column":6},"end":{"line":155,"column":32}}]},"18":{"type":"branch","line":155,"loc":{"start":{"line":155,"column":32},"end":{"line":157,"column":7}},"locations":[{"start":{"line":155,"column":32},"end":{"line":157,"column":7}}]},"19":{"type":"branch","line":157,"loc":{"start":{"line":157,"column":6},"end":{"line":163,"column":5}},"locations":[{"start":{"line":157,"column":6},"end":{"line":163,"column":5}}]},"20":{"type":"branch","line":163,"loc":{"start":{"line":163,"column":4},"end":{"line":165,"column":40}},"locations":[{"start":{"line":163,"column":4},"end":{"line":165,"column":40}}]},"21":{"type":"branch","line":165,"loc":{"start":{"line":165,"column":40},"end":{"line":167,"column":5}},"locations":[{"start":{"line":165,"column":40},"end":{"line":167,"column":5}}]},"22":{"type":"branch","line":167,"loc":{"start":{"line":167,"column":4},"end":{"line":169,"column":31}},"locations":[{"start":{"line":167,"column":4},"end":{"line":169,"column":31}}]},"23":{"type":"branch","line":172,"loc":{"start":{"line":172,"column":10},"end":{"line":194,"column":3}},"locations":[{"start":{"line":172,"column":10},"end":{"line":194,"column":3}}]},"24":{"type":"branch","line":177,"loc":{"start":{"line":177,"column":34},"end":{"line":189,"column":40}},"locations":[{"start":{"line":177,"column":34},"end":{"line":189,"column":40}}]},"25":{"type":"branch","line":178,"loc":{"start":{"line":178,"column":22},"end":{"line":182,"column":31}},"locations":[{"start":{"line":178,"column":22},"end":{"line":182,"column":31}}]},"26":{"type":"branch","line":182,"loc":{"start":{"line":182,"column":31},"end":{"line":187,"column":5}},"locations":[{"start":{"line":182,"column":31},"end":{"line":187,"column":5}}]},"27":{"type":"branch","line":189,"loc":{"start":{"line":189,"column":40},"end":{"line":191,"column":5}},"locations":[{"start":{"line":189,"column":40},"end":{"line":191,"column":5}}]},"28":{"type":"branch","line":191,"loc":{"start":{"line":191,"column":4},"end":{"line":193,"column":21}},"locations":[{"start":{"line":191,"column":4},"end":{"line":193,"column":21}}]},"29":{"type":"branch","line":196,"loc":{"start":{"line":196,"column":10},"end":{"line":218,"column":3}},"locations":[{"start":{"line":196,"column":10},"end":{"line":218,"column":3}}]},"30":{"type":"branch","line":201,"loc":{"start":{"line":201,"column":34},"end":{"line":213,"column":41}},"locations":[{"start":{"line":201,"column":34},"end":{"line":213,"column":41}}]},"31":{"type":"branch","line":202,"loc":{"start":{"line":202,"column":22},"end":{"line":206,"column":31}},"locations":[{"start":{"line":202,"column":22},"end":{"line":206,"column":31}}]},"32":{"type":"branch","line":206,"loc":{"start":{"line":206,"column":31},"end":{"line":211,"column":5}},"locations":[{"start":{"line":206,"column":31},"end":{"line":211,"column":5}}]},"33":{"type":"branch","line":213,"loc":{"start":{"line":213,"column":41},"end":{"line":215,"column":5}},"locations":[{"start":{"line":213,"column":41},"end":{"line":215,"column":5}}]},"34":{"type":"branch","line":215,"loc":{"start":{"line":215,"column":4},"end":{"line":217,"column":21}},"locations":[{"start":{"line":215,"column":4},"end":{"line":217,"column":21}}]},"35":{"type":"branch","line":220,"loc":{"start":{"line":220,"column":10},"end":{"line":222,"column":3}},"locations":[{"start":{"line":220,"column":10},"end":{"line":222,"column":3}}]},"36":{"type":"branch","line":224,"loc":{"start":{"line":224,"column":10},"end":{"line":236,"column":3}},"locations":[{"start":{"line":224,"column":10},"end":{"line":236,"column":3}}]},"37":{"type":"branch","line":225,"loc":{"start":{"line":225,"column":34},"end":{"line":235,"column":21}},"locations":[{"start":{"line":225,"column":34},"end":{"line":235,"column":21}}]},"38":{"type":"branch","line":226,"loc":{"start":{"line":226,"column":22},"end":{"line":230,"column":31}},"locations":[{"start":{"line":226,"column":22},"end":{"line":230,"column":31}}]},"39":{"type":"branch","line":230,"loc":{"start":{"line":230,"column":31},"end":{"line":232,"column":7}},"locations":[{"start":{"line":230,"column":31},"end":{"line":232,"column":7}}]},"40":{"type":"branch","line":238,"loc":{"start":{"line":238,"column":10},"end":{"line":268,"column":3}},"locations":[{"start":{"line":238,"column":10},"end":{"line":268,"column":3}}]},"41":{"type":"branch","line":243,"loc":{"start":{"line":243,"column":34},"end":{"line":253,"column":5}},"locations":[{"start":{"line":243,"column":34},"end":{"line":253,"column":5}}]},"42":{"type":"branch","line":244,"loc":{"start":{"line":244,"column":22},"end":{"line":248,"column":31}},"locations":[{"start":{"line":244,"column":22},"end":{"line":248,"column":31}}]},"43":{"type":"branch","line":248,"loc":{"start":{"line":248,"column":31},"end":{"line":253,"column":5}},"locations":[{"start":{"line":248,"column":31},"end":{"line":253,"column":5}}]},"44":{"type":"branch","line":253,"loc":{"start":{"line":253,"column":4},"end":{"line":255,"column":42}},"locations":[{"start":{"line":253,"column":4},"end":{"line":255,"column":42}}]},"45":{"type":"branch","line":255,"loc":{"start":{"line":255,"column":30},"end":{"line":255,"column":69}},"locations":[{"start":{"line":255,"column":30},"end":{"line":255,"column":69}}]},"46":{"type":"branch","line":255,"loc":{"start":{"line":255,"column":69},"end":{"line":257,"column":5}},"locations":[{"start":{"line":255,"column":69},"end":{"line":257,"column":5}}]},"47":{"type":"branch","line":257,"loc":{"start":{"line":257,"column":4},"end":{"line":263,"column":6}},"locations":[{"start":{"line":257,"column":4},"end":{"line":263,"column":6}}]},"48":{"type":"branch","line":263,"loc":{"start":{"line":263,"column":4},"end":{"line":267,"column":5}},"locations":[{"start":{"line":263,"column":4},"end":{"line":267,"column":5}}]},"49":{"type":"branch","line":270,"loc":{"start":{"line":270,"column":10},"end":{"line":295,"column":3}},"locations":[{"start":{"line":270,"column":10},"end":{"line":295,"column":3}}]},"50":{"type":"branch","line":275,"loc":{"start":{"line":275,"column":34},"end":{"line":287,"column":36}},"locations":[{"start":{"line":275,"column":34},"end":{"line":287,"column":36}}]},"51":{"type":"branch","line":276,"loc":{"start":{"line":276,"column":22},"end":{"line":280,"column":31}},"locations":[{"start":{"line":276,"column":22},"end":{"line":280,"column":31}}]},"52":{"type":"branch","line":280,"loc":{"start":{"line":280,"column":31},"end":{"line":285,"column":5}},"locations":[{"start":{"line":280,"column":31},"end":{"line":285,"column":5}}]},"53":{"type":"branch","line":287,"loc":{"start":{"line":287,"column":36},"end":{"line":289,"column":5}},"locations":[{"start":{"line":287,"column":36},"end":{"line":289,"column":5}}]},"54":{"type":"branch","line":289,"loc":{"start":{"line":289,"column":4},"end":{"line":294,"column":6}},"locations":[{"start":{"line":289,"column":4},"end":{"line":294,"column":6}}]},"55":{"type":"branch","line":292,"loc":{"start":{"line":292,"column":26},"end":{"line":294,"column":5}},"locations":[{"start":{"line":292,"column":26},"end":{"line":294,"column":5}}]},"56":{"type":"branch","line":297,"loc":{"start":{"line":297,"column":10},"end":{"line":326,"column":3}},"locations":[{"start":{"line":297,"column":10},"end":{"line":326,"column":3}}]},"57":{"type":"branch","line":298,"loc":{"start":{"line":298,"column":34},"end":{"line":308,"column":5}},"locations":[{"start":{"line":298,"column":34},"end":{"line":308,"column":5}}]},"58":{"type":"branch","line":299,"loc":{"start":{"line":299,"column":22},"end":{"line":303,"column":31}},"locations":[{"start":{"line":299,"column":22},"end":{"line":303,"column":31}}]},"59":{"type":"branch","line":303,"loc":{"start":{"line":303,"column":31},"end":{"line":308,"column":5}},"locations":[{"start":{"line":303,"column":31},"end":{"line":308,"column":5}}]},"60":{"type":"branch","line":308,"loc":{"start":{"line":308,"column":4},"end":{"line":310,"column":59}},"locations":[{"start":{"line":308,"column":4},"end":{"line":310,"column":59}}]},"61":{"type":"branch","line":310,"loc":{"start":{"line":310,"column":59},"end":{"line":315,"column":5}},"locations":[{"start":{"line":310,"column":59},"end":{"line":315,"column":5}}]},"62":{"type":"branch","line":315,"loc":{"start":{"line":315,"column":4},"end":{"line":318,"column":31}},"locations":[{"start":{"line":315,"column":4},"end":{"line":318,"column":31}}]},"63":{"type":"branch","line":318,"loc":{"start":{"line":318,"column":31},"end":{"line":323,"column":5}},"locations":[{"start":{"line":318,"column":31},"end":{"line":323,"column":5}}]},"64":{"type":"branch","line":323,"loc":{"start":{"line":323,"column":4},"end":{"line":325,"column":15}},"locations":[{"start":{"line":323,"column":4},"end":{"line":325,"column":15}}]},"65":{"type":"branch","line":333,"loc":{"start":{"line":333,"column":2},"end":{"line":337,"column":3}},"locations":[{"start":{"line":333,"column":2},"end":{"line":337,"column":3}}]}},"b":{"0":[50],"1":[41],"2":[49],"3":[1],"4":[48],"5":[1],"6":[47],"7":[1],"8":[0],"9":[74],"10":[75],"11":[48],"12":[55],"13":[26],"14":[18],"15":[9],"16":[4],"17":[5],"18":[2],"19":[3],"20":[17],"21":[3],"22":[14],"23":[8],"24":[4],"25":[2],"26":[1],"27":[1],"28":[3],"29":[8],"30":[4],"31":[2],"32":[1],"33":[1],"34":[3],"35":[9],"36":[7],"37":[4],"38":[2],"39":[1],"40":[9],"41":[4],"42":[2],"43":[1],"44":[5],"45":[4],"46":[1],"47":[4],"48":[1],"49":[8],"50":[4],"51":[2],"52":[1],"53":[1],"54":[3],"55":[3],"56":[9],"57":[4],"58":[2],"59":[1],"60":[5],"61":[1],"62":[4],"63":[1],"64":[3],"65":[19]},"fnMap":{"0":{"name":"Schema","decl":{"start":{"line":66,"column":2},"end":{"line":69,"column":3}},"loc":{"start":{"line":66,"column":2},"end":{"line":69,"column":3}},"line":66},"1":{"name":"cast","decl":{"start":{"line":71,"column":2},"end":{"line":78,"column":3}},"loc":{"start":{"line":71,"column":2},"end":{"line":78,"column":3}},"line":71},"2":{"name":"castQuery","decl":{"start":{"line":96,"column":2},"end":{"line":106,"column":3}},"loc":{"start":{"line":96,"column":2},"end":{"line":106,"column":3}},"line":96},"3":{"name":"validate","decl":{"start":{"line":108,"column":2},"end":{"line":126,"column":3}},"loc":{"start":{"line":108,"column":2},"end":{"line":126,"column":3}},"line":108},"4":{"name":"getDefinitionAtPath","decl":{"start":{"line":128,"column":10},"end":{"line":143,"column":3}},"loc":{"start":{"line":128,"column":10},"end":{"line":143,"column":3}},"line":128},"5":{"name":"validateString","decl":{"start":{"line":145,"column":10},"end":{"line":170,"column":3}},"loc":{"start":{"line":145,"column":10},"end":{"line":170,"column":3}},"line":145},"6":{"name":"validateNumber","decl":{"start":{"line":172,"column":10},"end":{"line":194,"column":3}},"loc":{"start":{"line":172,"column":10},"end":{"line":194,"column":3}},"line":172},"7":{"name":"validateBoolean","decl":{"start":{"line":196,"column":10},"end":{"line":218,"column":3}},"loc":{"start":{"line":196,"column":10},"end":{"line":218,"column":3}},"line":196},"8":{"name":"validateId","decl":{"start":{"line":220,"column":10},"end":{"line":222,"column":3}},"loc":{"start":{"line":220,"column":10},"end":{"line":222,"column":3}},"line":220},"9":{"name":"validateAny","decl":{"start":{"line":224,"column":10},"end":{"line":236,"column":3}},"loc":{"start":{"line":224,"column":10},"end":{"line":236,"column":3}},"line":224},"10":{"name":"validateObject","decl":{"start":{"line":238,"column":10},"end":{"line":268,"column":3}},"loc":{"start":{"line":238,"column":10},"end":{"line":268,"column":3}},"line":238},"11":{"name":"validateArray","decl":{"start":{"line":270,"column":10},"end":{"line":295,"column":3}},"loc":{"start":{"line":270,"column":10},"end":{"line":295,"column":3}},"line":270},"12":{"name":"validateDate","decl":{"start":{"line":297,"column":10},"end":{"line":326,"column":3}},"loc":{"start":{"line":297,"column":10},"end":{"line":326,"column":3}},"line":297},"13":{"name":"ValidationError","decl":{"start":{"line":333,"column":2},"end":{"line":337,"column":3}},"loc":{"start":{"line":333,"column":2},"end":{"line":337,"column":3}},"line":333}},"f":{"0":50,"1":49,"2":1,"3":74,"4":0,"5":26,"6":8,"7":8,"8":9,"9":7,"10":9,"11":8,"12":9,"13":19}}
}
